#
# A fatal error has been detected by the Java Runtime Environment:
#
#  EXCEPTION_ACCESS_VIOLATION (0xc0000005) at pc=0x000000005beaa4f0, pid=4116, tid=0x0000000000000e88
#
# JRE version: OpenJDK Runtime Environment (8.0_152-b01) (build 1.8.0_152-release-915-b01)
# Java VM: OpenJDK 64-Bit Server VM (25.152-b01 mixed mode windows-amd64 compressed oops)
# Problematic frame:
# V  [jvm.dll+0x8a4f0]
#
# Failed to write core dump. Minidumps are not enabled by default on client versions of Windows
#
# If you would like to submit a bug report, please visit:
#   http://bugreport.java.com/bugreport/crash.jsp
#

---------------  T H R E A D  ---------------

Current thread (0x00000000033df800):  GCTaskThread [stack: 0x0000000013290000,0x0000000013390000] [id=3720]

siginfo: ExceptionCode=0xc0000005, reading address 0x0000000000000008

Registers:
RAX=0x0000000000000000, RBX=0x00000000e4a92158, RCX=0x00000000e4a92158, RDX=0x0000000000000000
RSP=0x000000001338f558, RBP=0x000000001338f720, RSI=0x0000000017273a40, RDI=0x0000000017273a40
R8 =0x0000000017273a40, R9 =0x000000000000003a, R10=0x00000000e4a803a8, R11=0x00000000e41a7360
R12=0x000000005c434e50, R13=0x00000000e4a803a8, R14=0x0000000000000000, R15=0x00000000033dfe00
RIP=0x000000005beaa4f0, EFLAGS=0x0000000000010246

Top of Stack: (sp=0x000000001338f558)
0x000000001338f558:   000000005c1ec0d2 00000000e4fd5520
0x000000001338f568:   000000000000000b 0000000017273a40
0x000000001338f578:   00000000e40adc31 00000000e41a2050
0x000000001338f588:   0000000000001000 00000000e40adca4
0x000000001338f598:   000000005bf0f330 0000000000000000
0x000000001338f5a8:   00000000033d2e00 000000005c434e50
0x000000001338f5b8:   000000005c1ec440 00000000e41a738c
0x000000001338f5c8:   000000001338f720 0000000017273a40
0x000000001338f5d8:   0000000017273a40 00000000e41a738c
0x000000001338f5e8:   000000005c1ecfe5 00000000e4f39a30
0x000000001338f5f8:   000000001338f720 0000000017273a40
0x000000001338f608:   000000005c1eed86 00000000192e0bc0
0x000000001338f618:   00000000033e2970 00000000033dfdf0
0x000000001338f628:   00000000033d2eb0 00000000033e2c70
0x000000001338f638:   000000005c1eed86 000000001a3b7568
0x000000001338f648:   000000001338f6c0 0000000000000450 

Instructions: (pc=0x000000005beaa4f0)
0x000000005beaa4d0:   ac 50 1d 00 48 8b 9c 24 c0 00 00 00 48 81 c4 b0
0x000000005beaa4e0:   00 00 00 5d c3 cc cc cc cc cc cc cc cc cc cc cc
0x000000005beaa4f0:   44 8b 42 08 4c 8b ca 45 85 c0 7e 0e 41 f6 c0 01
0x000000005beaa500:   75 57 41 c1 f8 03 41 8b c0 c3 79 4d 80 3d 9e f3 


Register to memory mapping:

RAX=0x0000000000000000 is an unknown value
RBX=0x00000000e4a92158 is an oop

[error occurred during error reporting (printing register info), id 0xc0000005]

Stack: [0x0000000013290000,0x0000000013390000],  sp=0x000000001338f558,  free space=1021k
Native frames: (J=compiled Java code, j=interpreted, Vv=VM code, C=native code)
V  [jvm.dll+0x8a4f0]


---------------  P R O C E S S  ---------------

Java Threads: ( => current thread )
  0x000000001b86c000 JavaThread "Cache worker for file hash cache (F:\Android\GeoQuiz3\.gradle\4.1\fileHashes)" [_thread_blocked, id=6912, stack(0x000000001d860000,0x000000001d960000)]
  0x000000001b427800 JavaThread "File lock request listener" [_thread_in_native, id=2728, stack(0x000000001d760000,0x000000001d860000)]
  0x000000001b841800 JavaThread "Cache worker for file hash cache (C:\Users\Anakinliu\.gradle\caches\4.1\fileHashes)" [_thread_blocked, id=9348, stack(0x000000001d460000,0x000000001d560000)]
  0x000000001b023800 JavaThread "Stdin handler" [_thread_blocked, id=1836, stack(0x000000001d260000,0x000000001d360000)]
  0x000000001b021800 JavaThread "Asynchronous log dispatcher for DefaultDaemonConnection: socket connection from /127.0.0.1:54682 to /127.0.0.1:54683" [_thread_blocked, id=10924, stack(0x000000001d160000,0x000000001d260000)]
  0x000000001af15000 JavaThread "Daemon worker" [_thread_blocked, id=10540, stack(0x000000001d060000,0x000000001d160000)]
  0x000000001b5e1800 JavaThread "Cancel handler" [_thread_blocked, id=8472, stack(0x000000001cf60000,0x000000001d060000)]
  0x000000001afc3800 JavaThread "Handler for socket connection from /127.0.0.1:54682 to /127.0.0.1:54683" [_thread_in_native, id=10236, stack(0x000000001cc60000,0x000000001cd60000)]
  0x000000001afc2800 JavaThread "Daemon" [_thread_blocked, id=2208, stack(0x000000001cb60000,0x000000001cc60000)]
  0x000000001b0ac800 JavaThread "Daemon periodic checks" [_thread_blocked, id=13308, stack(0x000000001ca60000,0x000000001cb60000)]
  0x000000001b0ab000 JavaThread "Incoming local TCP Connector on port 54682" [_thread_in_native, id=5644, stack(0x000000001b630000,0x000000001b730000)]
  0x0000000019291800 JavaThread "Service Thread" daemon [_thread_blocked, id=9452, stack(0x0000000019c60000,0x0000000019d60000)]
  0x000000001920e000 JavaThread "C1 CompilerThread3" daemon [_thread_blocked, id=12864, stack(0x0000000019b60000,0x0000000019c60000)]
  0x00000000191f8800 JavaThread "C2 CompilerThread2" daemon [_thread_blocked, id=12776, stack(0x0000000019a60000,0x0000000019b60000)]
  0x00000000191f3800 JavaThread "C2 CompilerThread1" daemon [_thread_blocked, id=5856, stack(0x0000000019960000,0x0000000019a60000)]
  0x000000001728e800 JavaThread "C2 CompilerThread0" daemon [_thread_in_native, id=12736, stack(0x0000000019860000,0x0000000019960000)]
  0x00000000191f0000 JavaThread "Attach Listener" daemon [_thread_blocked, id=11736, stack(0x0000000019760000,0x0000000019860000)]
  0x000000001919c800 JavaThread "Signal Dispatcher" daemon [_thread_blocked, id=12392, stack(0x0000000019660000,0x0000000019760000)]
  0x00000000034b8800 JavaThread "Finalizer" daemon [_thread_blocked, id=1376, stack(0x0000000019560000,0x0000000019660000)]
  0x000000001727b000 JavaThread "Reference Handler" daemon [_thread_blocked, id=9660, stack(0x0000000019060000,0x0000000019160000)]
  0x00000000032be800 JavaThread "main" [_thread_blocked, id=3524, stack(0x00000000032c0000,0x00000000033c0000)]

Other Threads:
  0x0000000017275800 VMThread [stack: 0x0000000018f60000,0x0000000019060000] [id=8836]
  0x0000000019292800 WatcherThread [stack: 0x0000000019d60000,0x0000000019e60000] [id=13068]

=>0x00000000033df800 (exited) GCTaskThread [stack: 0x0000000013290000,0x0000000013390000] [id=3720]

VM state:at safepoint (normal execution)

VM Mutex/Monitor currently owned by a thread:  ([mutex/lock_event])
[0x00000000032bd820] Threads_lock - owner thread: 0x0000000017275800
[0x00000000032bce20] Heap_lock - owner thread: 0x000000001af15000

Heap:
 PSYoungGen      total 76288K, used 15620K [0x00000000e0000000, 0x00000000e5500000, 0x0000000100000000)
  eden space 65536K, 7% used [0x00000000e0000000,0x00000000e04c6bf0,0x00000000e4000000)
  from space 10752K, 99% used [0x00000000e4a80000,0x00000000e54fa440,0x00000000e5500000)
  to   space 10752K, 60% used [0x00000000e4000000,0x00000000e465e060,0x00000000e4a80000)
 ParOldGen       total 175104K, used 1492K [0x00000000a0000000, 0x00000000aab00000, 0x00000000e0000000)
  object space 175104K, 0% used [0x00000000a0000000,0x00000000a01750f0,0x00000000aab00000)
 Metaspace       used 20690K, capacity 21116K, committed 21248K, reserved 1067008K
  class space    used 2863K, capacity 3039K, committed 3072K, reserved 1048576K

Card table byte_map: [0x0000000012880000,0x0000000012b90000] byte_map_base: 0x0000000012380000

Marking Bits: (ParMarkBitMap*) 0x000000005c5e3950
 Begin Bits: [0x0000000013590000, 0x0000000014d90000)
 End Bits:   [0x0000000014d90000, 0x0000000016590000)

Polling page: 0x00000000011e0000

CodeCache: size=245760Kb used=5770Kb max_used=5777Kb free=239989Kb
 bounds [0x00000000034c0000, 0x0000000003a70000, 0x00000000124c0000]
 total_blobs=2105 nmethods=1715 adapters=303
 compilation: enabled

Compilation events (10 events):
Event: 2.613 Thread 0x000000001920e000 1714       1       org.codehaus.groovy.runtime.metaclass.NewMetaMethod::getBytecodeParameterTypes (5 bytes)
Event: 2.613 Thread 0x000000001920e000 nmethod 1714 0x0000000003a581d0 code [0x0000000003a58320, 0x0000000003a58430]
Event: 2.613 Thread 0x000000001920e000 1715       1       org.codehaus.groovy.runtime.metaclass.NewInstanceMetaMethod::isStatic (2 bytes)
Event: 2.613 Thread 0x000000001920e000 nmethod 1715 0x0000000003a56950 code [0x0000000003a56aa0, 0x0000000003a56bb0]
Event: 2.613 Thread 0x000000001920e000 1716       1       org.codehaus.groovy.runtime.metaclass.MetaClassRegistryImpl::access$400 (5 bytes)
Event: 2.613 Thread 0x000000001920e000 nmethod 1716 0x0000000003a56690 code [0x0000000003a567e0, 0x0000000003a568d0]
Event: 2.613 Thread 0x000000001920e000 1717       3       java.util.HashMap$EntryIterator::next (5 bytes)
Event: 2.613 Thread 0x000000001920e000 nmethod 1717 0x0000000003a56190 code [0x0000000003a56300, 0x0000000003a565e8]
Event: 2.613 Thread 0x000000001920e000 1718       3       java.util.HashMap$EntryIterator::next (5 bytes)
Event: 2.614 Thread 0x000000001920e000 nmethod 1718 0x0000000003a55d90 code [0x0000000003a55f00, 0x0000000003a56108]

GC Heap History (5 events):
Event: 1.737 GC heap before
{Heap before GC invocations=1 (full 0):
 PSYoungGen      total 76288K, used 65536K [0x00000000e0000000, 0x00000000e5500000, 0x0000000100000000)
  eden space 65536K, 100% used [0x00000000e0000000,0x00000000e4000000,0x00000000e4000000)
  from space 10752K, 0% used [0x00000000e4a80000,0x00000000e4a80000,0x00000000e5500000)
  to   space 10752K, 0% used [0x00000000e4000000,0x00000000e4000000,0x00000000e4a80000)
 ParOldGen       total 175104K, used 0K [0x00000000a0000000, 0x00000000aab00000, 0x00000000e0000000)
  object space 175104K, 0% used [0x00000000a0000000,0x00000000a0000000,0x00000000aab00000)
 Metaspace       used 11746K, capacity 12102K, committed 12160K, reserved 1060864K
  class space    used 1541K, capacity 1653K, committed 1664K, reserved 1048576K
Event: 1.745 GC heap after
Heap after GC invocations=1 (full 0):
 PSYoungGen      total 76288K, used 8116K [0x00000000e0000000, 0x00000000e5500000, 0x0000000100000000)
  eden space 65536K, 0% used [0x00000000e0000000,0x00000000e0000000,0x00000000e4000000)
  from space 10752K, 75% used [0x00000000e4000000,0x00000000e47ed218,0x00000000e4a80000)
  to   space 10752K, 0% used [0x00000000e4a80000,0x00000000e4a80000,0x00000000e5500000)
 ParOldGen       total 175104K, used 16K [0x00000000a0000000, 0x00000000aab00000, 0x00000000e0000000)
  object space 175104K, 0% used [0x00000000a0000000,0x00000000a0004000,0x00000000aab00000)
 Metaspace       used 11746K, capacity 12102K, committed 12160K, reserved 1060864K
  class space    used 1541K, capacity 1653K, committed 1664K, reserved 1048576K
}
Event: 2.546 GC heap before
{Heap before GC invocations=2 (full 0):
 PSYoungGen      total 76288K, used 73652K [0x00000000e0000000, 0x00000000e5500000, 0x0000000100000000)
  eden space 65536K, 100% used [0x00000000e0000000,0x00000000e4000000,0x00000000e4000000)
  from space 10752K, 75% used [0x00000000e4000000,0x00000000e47ed218,0x00000000e4a80000)
  to   space 10752K, 0% used [0x00000000e4a80000,0x00000000e4a80000,0x00000000e5500000)
 ParOldGen       total 175104K, used 16K [0x00000000a0000000, 0x00000000aab00000, 0x00000000e0000000)
  object space 175104K, 0% used [0x00000000a0000000,0x00000000a0004000,0x00000000aab00000)
 Metaspace       used 18873K, capacity 19356K, committed 19456K, reserved 1067008K
  class space    used 2644K, capacity 2815K, committed 2816K, reserved 1048576K
Event: 2.557 GC heap after
Heap after GC invocations=2 (full 0):
 PSYoungGen      total 76288K, used 10729K [0x00000000e0000000, 0x00000000e5500000, 0x0000000100000000)
  eden space 65536K, 0% used [0x00000000e0000000,0x00000000e0000000,0x00000000e4000000)
  from space 10752K, 99% used [0x00000000e4a80000,0x00000000e54fa440,0x00000000e5500000)
  to   space 10752K, 0% used [0x00000000e4000000,0x00000000e4000000,0x00000000e4a80000)
 ParOldGen       total 175104K, used 1484K [0x00000000a0000000, 0x00000000aab00000, 0x00000000e0000000)
  object space 175104K, 0% used [0x00000000a0000000,0x00000000a01730f0,0x00000000aab00000)
 Metaspace       used 18873K, capacity 19356K, committed 19456K, reserved 1067008K
  class space    used 2644K, capacity 2815K, committed 2816K, reserved 1048576K
}
Event: 2.624 GC heap before
{Heap before GC invocations=3 (full 0):
 PSYoungGen      total 76288K, used 15620K [0x00000000e0000000, 0x00000000e5500000, 0x0000000100000000)
  eden space 65536K, 7% used [0x00000000e0000000,0x00000000e04c6bf0,0x00000000e4000000)
  from space 10752K, 99% used [0x00000000e4a80000,0x00000000e54fa440,0x00000000e5500000)
  to   space 10752K, 0% used [0x00000000e4000000,0x00000000e4000000,0x00000000e4a80000)
 ParOldGen       total 175104K, used 1484K [0x00000000a0000000, 0x00000000aab00000, 0x00000000e0000000)
  object space 175104K, 0% used [0x00000000a0000000,0x00000000a01730f0,0x00000000aab00000)
 Metaspace       used 20690K, capacity 21116K, committed 21248K, reserved 1067008K
  class space    used 2863K, capacity 3039K, committed 3072K, reserved 1048576K

Deoptimization events (10 events):
Event: 2.237 Thread 0x000000001af15000 Uncommon trap: reason=bimorphic action=maybe_recompile pc=0x0000000003930930 method=java.lang.ClassLoader.loadClass(Ljava/lang/String;Z)Ljava/lang/Class; @ 38
Event: 2.237 Thread 0x000000001af15000 Uncommon trap: reason=bimorphic action=maybe_recompile pc=0x0000000003930930 method=java.lang.ClassLoader.loadClass(Ljava/lang/String;Z)Ljava/lang/Class; @ 38
Event: 2.309 Thread 0x000000001af15000 Uncommon trap: reason=unstable_if action=reinterpret pc=0x0000000003784314 method=java.lang.AbstractStringBuilder.append(Ljava/lang/String;)Ljava/lang/AbstractStringBuilder; @ 1
Event: 2.309 Thread 0x000000001af15000 Uncommon trap: reason=unstable_if action=reinterpret pc=0x00000000036bd980 method=java.lang.AbstractStringBuilder.append(Ljava/lang/String;)Ljava/lang/AbstractStringBuilder; @ 1
Event: 2.404 Thread 0x000000001af15000 Uncommon trap: reason=class_check action=maybe_recompile pc=0x0000000003668b60 method=java.lang.String.equals(Ljava/lang/Object;)Z @ 8
Event: 2.404 Thread 0x000000001af15000 Uncommon trap: reason=class_check action=maybe_recompile pc=0x0000000003668b60 method=java.lang.String.equals(Ljava/lang/Object;)Z @ 8
Event: 2.405 Thread 0x000000001af15000 Uncommon trap: reason=class_check action=maybe_recompile pc=0x0000000003668b60 method=java.lang.String.equals(Ljava/lang/Object;)Z @ 8
Event: 2.405 Thread 0x000000001af15000 Uncommon trap: reason=class_check action=maybe_recompile pc=0x0000000003668b60 method=java.lang.String.equals(Ljava/lang/Object;)Z @ 8
Event: 2.460 Thread 0x000000001af15000 Uncommon trap: reason=class_check action=maybe_recompile pc=0x0000000003687390 method=sun.misc.URLClassPath.getLoader(I)Lsun/misc/URLClassPath$Loader; @ 94
Event: 2.460 Thread 0x000000001af15000 Uncommon trap: reason=class_check action=maybe_recompile pc=0x00000000037af42c method=sun.misc.URLClassPath.getResource(Ljava/lang/String;Z)Lsun/misc/Resource; @ 62

Classes redefined (0 events):
No events

Internal exceptions (10 events):
Event: 2.259 Thread 0x000000001af15000 Exception <a 'java/lang/NoSuchMethodError': <clinit>> (0x00000000e31228c0) thrown at [D:\src\AOSP-openjdk-cygwin\jdk8u\hotspot\src\share\vm\prims\jni.cpp, line 1613]
Event: 2.260 Thread 0x000000001af15000 Exception <a 'java/lang/NoSuchMethodError': <clinit>> (0x00000000e3132d80) thrown at [D:\src\AOSP-openjdk-cygwin\jdk8u\hotspot\src\share\vm\prims\jni.cpp, line 1613]
Event: 2.260 Thread 0x000000001af15000 Exception <a 'java/lang/NoSuchMethodError': <clinit>> (0x00000000e313e310) thrown at [D:\src\AOSP-openjdk-cygwin\jdk8u\hotspot\src\share\vm\prims\jni.cpp, line 1613]
Event: 2.260 Thread 0x000000001af15000 Exception <a 'java/lang/NoSuchMethodError': <clinit>> (0x00000000e31478a0) thrown at [D:\src\AOSP-openjdk-cygwin\jdk8u\hotspot\src\share\vm\prims\jni.cpp, line 1613]
Event: 2.261 Thread 0x000000001af15000 Exception <a 'java/lang/NoSuchMethodError': <clinit>> (0x00000000e3152598) thrown at [D:\src\AOSP-openjdk-cygwin\jdk8u\hotspot\src\share\vm\prims\jni.cpp, line 1613]
Event: 2.266 Thread 0x000000001af15000 Exception <a 'java/lang/NoSuchMethodError': <clinit>> (0x00000000e31ac3e0) thrown at [D:\src\AOSP-openjdk-cygwin\jdk8u\hotspot\src\share\vm\prims\jni.cpp, line 1613]
Event: 2.266 Thread 0x000000001af15000 Exception <a 'java/lang/NoSuchMethodError': <clinit>> (0x00000000e31b00a0) thrown at [D:\src\AOSP-openjdk-cygwin\jdk8u\hotspot\src\share\vm\prims\jni.cpp, line 1613]
Event: 2.266 Thread 0x000000001af15000 Exception <a 'java/lang/NoSuchMethodError': <clinit>> (0x00000000e31b1ba8) thrown at [D:\src\AOSP-openjdk-cygwin\jdk8u\hotspot\src\share\vm\prims\jni.cpp, line 1613]
Event: 2.309 Thread 0x000000001af15000 Implicit null exception at 0x0000000003783f54 to 0x00000000037842fd
Event: 2.309 Thread 0x000000001af15000 Implicit null exception at 0x00000000036bd5d6 to 0x00000000036bd969

Events (10 events):
Event: 2.623 loading class org/codehaus/groovy/runtime/metaclass/MethodMetaProperty$GetBeanMethodMetaProperty done
Event: 2.623 loading class org/codehaus/groovy/runtime/metaclass/MethodMetaProperty
Event: 2.623 loading class org/codehaus/groovy/runtime/metaclass/MethodMetaProperty done
Event: 2.623 loading class org/codehaus/groovy/runtime/metaclass/MethodMetaProperty$GetMethodMetaProperty
Event: 2.623 loading class org/codehaus/groovy/runtime/metaclass/MethodMetaProperty$GetMethodMetaProperty done
Event: 2.623 loading class groovy/lang/MetaClassImpl$7
Event: 2.623 loading class groovy/lang/MetaClassImpl$7 done
Event: 2.624 loading class groovy/lang/MetaClassImpl$8
Event: 2.624 loading class groovy/lang/MetaClassImpl$8 done
Event: 2.624 Executing VM operation: CollectForMetadataAllocation


Dynamic libraries:
0x00007ff6e9660000 - 0x00007ff6e9691000 	C:\Program Files\Android\Android Studio\jre\bin\java.exe
0x00007ffb354e0000 - 0x00007ffb356c1000 	C:\WINDOWS\SYSTEM32\ntdll.dll
0x00007ffb34f40000 - 0x00007ffb34ff1000 	C:\WINDOWS\System32\KERNEL32.DLL
0x00007ffb31e80000 - 0x00007ffb320ec000 	C:\WINDOWS\System32\KERNELBASE.dll
0x00007ffb34db0000 - 0x00007ffb34e51000 	C:\WINDOWS\System32\ADVAPI32.dll
0x00007ffb32980000 - 0x00007ffb32a1e000 	C:\WINDOWS\System32\msvcrt.dll
0x00007ffb34700000 - 0x00007ffb3475b000 	C:\WINDOWS\System32\sechost.dll
0x00007ffb34760000 - 0x00007ffb34884000 	C:\WINDOWS\System32\RPCRT4.dll
0x00007ffb32bc0000 - 0x00007ffb32d50000 	C:\WINDOWS\System32\USER32.dll
0x00007ffb31c70000 - 0x00007ffb31c90000 	C:\WINDOWS\System32\win32u.dll
0x00007ffb34890000 - 0x00007ffb348b8000 	C:\WINDOWS\System32\GDI32.dll
0x00007ffb31940000 - 0x00007ffb31ac9000 	C:\WINDOWS\System32\gdi32full.dll
0x00007ffb31bd0000 - 0x00007ffb31c6f000 	C:\WINDOWS\System32\msvcp_win.dll
0x00007ffb31ad0000 - 0x00007ffb31bca000 	C:\WINDOWS\System32\ucrtbase.dll
0x00007ffb22a80000 - 0x00007ffb22ce9000 	C:\WINDOWS\WinSxS\amd64_microsoft.windows.common-controls_6595b64144ccf1df_6.0.17115.1_none_e4db93bb1058f1b0\COMCTL32.dll
0x00007ffb34930000 - 0x00007ffb34c4c000 	C:\WINDOWS\System32\combase.dll
0x00007ffb318c0000 - 0x00007ffb3193a000 	C:\WINDOWS\System32\bcryptPrimitives.dll
0x00007ffb32dd0000 - 0x00007ffb32dfd000 	C:\WINDOWS\System32\IMM32.DLL
0x000000005bb80000 - 0x000000005bc52000 	C:\Program Files\Android\Android Studio\jre\jre\bin\msvcr100.dll
0x000000005be20000 - 0x000000005c65e000 	C:\Program Files\Android\Android Studio\jre\jre\bin\server\jvm.dll
0x00007ffb344d0000 - 0x00007ffb344d8000 	C:\WINDOWS\System32\PSAPI.DLL
0x00007ffb2e900000 - 0x00007ffb2e909000 	C:\WINDOWS\SYSTEM32\WSOCK32.dll
0x00007ffb2c4f0000 - 0x00007ffb2c513000 	C:\WINDOWS\SYSTEM32\WINMM.dll
0x00007ffb29fd0000 - 0x00007ffb29fda000 	C:\WINDOWS\SYSTEM32\VERSION.dll
0x00007ffb348c0000 - 0x00007ffb3492c000 	C:\WINDOWS\System32\WS2_32.dll
0x00007ffb2c3c0000 - 0x00007ffb2c3ea000 	C:\WINDOWS\SYSTEM32\winmmbase.dll
0x00007ffb320f0000 - 0x00007ffb32139000 	C:\WINDOWS\System32\cfgmgr32.dll
0x00007ffb2e8e0000 - 0x00007ffb2e8ef000 	C:\Program Files\Android\Android Studio\jre\jre\bin\verify.dll
0x00007ffb2d3d0000 - 0x00007ffb2d3f9000 	C:\Program Files\Android\Android Studio\jre\jre\bin\java.dll
0x00007ffb2d340000 - 0x00007ffb2d356000 	C:\Program Files\Android\Android Studio\jre\jre\bin\zip.dll
0x00007ffb32ef0000 - 0x00007ffb3432a000 	C:\WINDOWS\System32\SHELL32.dll
0x00007ffb32b00000 - 0x00007ffb32ba9000 	C:\WINDOWS\System32\shcore.dll
0x00007ffb32140000 - 0x00007ffb32864000 	C:\WINDOWS\System32\windows.storage.dll
0x00007ffb34ee0000 - 0x00007ffb34f31000 	C:\WINDOWS\System32\shlwapi.dll
0x00007ffb318a0000 - 0x00007ffb318b1000 	C:\WINDOWS\System32\kernel.appcore.dll
0x00007ffb31800000 - 0x00007ffb3181f000 	C:\WINDOWS\System32\profapi.dll
0x00007ffb31820000 - 0x00007ffb3186c000 	C:\WINDOWS\System32\powrprof.dll
0x00007ffb31870000 - 0x00007ffb3187a000 	C:\WINDOWS\System32\FLTLIB.DLL
0x00007ffb2c320000 - 0x00007ffb2c33a000 	C:\Program Files\Android\Android Studio\jre\jre\bin\net.dll
0x00007ffb204a0000 - 0x00007ffb204c0000 	C:\WINDOWS\system32\PrxerDrv.dll
0x00007ffb30cd0000 - 0x00007ffb30d36000 	C:\WINDOWS\system32\mswsock.dll
0x00007ffb2c2e0000 - 0x00007ffb2c2f1000 	C:\Program Files\Android\Android Studio\jre\jre\bin\nio.dll
0x00007ffb1feb0000 - 0x00007ffb1fece000 	C:\Users\Anakinliu\.gradle\native\25\windows-amd64\native-platform.dll
0x00007ffb2e8d0000 - 0x00007ffb2e8dd000 	C:\Program Files\Android\Android Studio\jre\jre\bin\management.dll
0x00007ffb314b0000 - 0x00007ffb314c7000 	C:\WINDOWS\SYSTEM32\CRYPTSP.dll
0x00007ffb308b0000 - 0x00007ffb308e3000 	C:\WINDOWS\system32\rsaenh.dll
0x00007ffb312b0000 - 0x00007ffb312d5000 	C:\WINDOWS\SYSTEM32\bcrypt.dll
0x00007ffb31690000 - 0x00007ffb316b8000 	C:\WINDOWS\SYSTEM32\USERENV.dll
0x00007ffb30e80000 - 0x00007ffb30e8b000 	C:\WINDOWS\SYSTEM32\CRYPTBASE.dll
0x00007ffb30a50000 - 0x00007ffb30a88000 	C:\WINDOWS\SYSTEM32\IPHLPAPI.DLL
0x00007ffb32a20000 - 0x00007ffb32a28000 	C:\WINDOWS\System32\NSI.dll
0x00007ffb2bb70000 - 0x00007ffb2bb86000 	C:\WINDOWS\SYSTEM32\dhcpcsvc6.DLL
0x00007ffb2ba40000 - 0x00007ffb2ba5a000 	C:\WINDOWS\SYSTEM32\dhcpcsvc.DLL
0x00007ffb312e0000 - 0x00007ffb314a9000 	C:\WINDOWS\SYSTEM32\dbghelp.dll

VM Arguments:
jvm_args: -Xmx1536m -Dfile.encoding=GBK -Duser.country=CN -Duser.language=zh -Duser.variant 
java_command: org.gradle.launcher.daemon.bootstrap.GradleDaemon 4.1
java_class_path (initial): C:\Users\Anakinliu\.gradle\wrapper\dists\gradle-4.1-all\bzyivzo6n839fup2jbap0tjew\gradle-4.1\lib\gradle-launcher-4.1.jar
Launcher Type: SUN_STANDARD

Environment Variables:
JAVA_HOME=D:\SOFTWARE\JDK_9\JDK
PATH=C:\Program Files (x86)\Google\Chrome\Application;C:\WINDOWS\system32;C:\WINDOWS;C:\WINDOWS\System32\Wbem;C:\WINDOWS\System32\WindowsPowerShell\v1.0\;C:\Program Files (x86)\NVIDIA Corporation\PhysX\Common;D:\Program Files\Process Lasso\;C:\Program Files (x86)\Windows Kits\10\Windows Performance Toolkit\;C:\Program Files (x86)\GtkSharp\2.12\bin;D:\SOFTWARE\Git_new\cmd;D:\Program Files\nodejs\;D:\SOFTWARE\live_stream\bin;C:\WINDOWS\system32;C:\WINDOWS;C:\WINDOWS\System32\Wbem;C:\WINDOWS\System32\WindowsPowerShell\v1.0\;H:\Android\SDK\platform-tools;D:\SOFTWARE\JDK_9\JDK\bin;D:\Program Files\Python36\Scripts\;D:\Program Files\Python36\;C:\Users\Anakinliu\AppData\Local\Microsoft\WindowsApps;H:\Android\SDK\platform-tools;D:\Program Files\Python36\Scripts;D:\Program Files\Fiddler;D:\Program Files\Microsoft VS Code\bin;C:\Users\Anakinliu\AppData\Roaming\npm;C:\Users\Anakinliu\AppData\Local\atom\bin;%USERPROFILE%\AppData\Local\Microsoft\WindowsApps;
USERNAME=Anakinliu
OS=Windows_NT
PROCESSOR_IDENTIFIER=Intel64 Family 6 Model 94 Stepping 3, GenuineIntel



---------------  S Y S T E M  ---------------

OS: Windows 10.0 , 64 bit Build 17115 (10.0.17115.1)

CPU:total 8 (initial active 8) (4 cores per cpu, 2 threads per core) family 6 model 94 stepping 3, cmov, cx8, fxsr, mmx, sse, sse2, sse3, ssse3, sse4.1, sse4.2, popcnt, avx, avx2, aes, clmul, erms, rtm, 3dnowpref, lzcnt, ht, tsc, tscinvbit, bmi1, bmi2, adx

Memory: 4k page, physical 16693320k(10919392k free), swap 19707976k(13456688k free)

vm_info: OpenJDK 64-Bit Server VM (25.152-b01) for windows-amd64 JRE (1.8.0_152-release-915-b01), built by "builder" with MS VC++ 10.0 (VS2010)

time: Thu Mar 15 19:31:08 2018
elapsed time: 2 seconds (0d 0h 0m 2s)

