#
# A fatal error has been detected by the Java Runtime Environment:
#
#  Internal Error (relocInfo_x86.cpp:150), pid=12140, tid=0x0000000000002e64
#  guarantee(which == Assembler::imm_operand) failed: must be immediate operand
#
# JRE version: OpenJDK Runtime Environment (8.0_152-b01) (build 1.8.0_152-release-915-b01)
# Java VM: OpenJDK 64-Bit Server VM (25.152-b01 mixed mode windows-amd64 compressed oops)
# Failed to write core dump. Minidumps are not enabled by default on client versions of Windows
#
# If you would like to submit a bug report, please visit:
#   http://bugreport.java.com/bugreport/crash.jsp
#

---------------  T H R E A D  ---------------

Current thread (0x0000000019454000):  JavaThread "C1 CompilerThread3" daemon [_thread_in_vm, id=11876, stack(0x0000000019db0000,0x0000000019eb0000)]

Stack: [0x0000000019db0000,0x0000000019eb0000]
[error occurred during error reporting (printing stack bounds), id 0xc0000005]

Native frames: (J=compiled Java code, j=interpreted, Vv=VM code, C=native code)


Current CompileTask:
C1:   9968 5591       3       sun.misc.ProxyGenerator$ConstantPool::getInterfaceMethodRef (33 bytes)


---------------  P R O C E S S  ---------------

Java Threads: ( => current thread )
  0x000000001a75f000 JavaThread "Memory manager" [_thread_blocked, id=980, stack(0x0000000023b50000,0x0000000023c50000)]
  0x000000001a752000 JavaThread "pool-1-thread-1" [_thread_blocked, id=356, stack(0x0000000023850000,0x0000000023950000)]
  0x000000001a753800 JavaThread "build operations Thread 8" [_thread_blocked, id=10920, stack(0x0000000023350000,0x0000000023450000)]
  0x000000001a751800 JavaThread "build operations Thread 7" [_thread_blocked, id=10904, stack(0x0000000023250000,0x0000000023350000)]
  0x000000001a758000 JavaThread "build operations Thread 6" [_thread_blocked, id=9200, stack(0x0000000023150000,0x0000000023250000)]
  0x000000001a757800 JavaThread "build operations Thread 5" [_thread_blocked, id=10748, stack(0x0000000023050000,0x0000000023150000)]
  0x000000001a756000 JavaThread "build operations Thread 4" [_thread_blocked, id=4020, stack(0x0000000022f50000,0x0000000023050000)]
  0x000000001a756800 JavaThread "build operations Thread 3" [_thread_blocked, id=11736, stack(0x0000000022e50000,0x0000000022f50000)]
  0x000000001a753000 JavaThread "build operations Thread 2" [_thread_blocked, id=5336, stack(0x0000000022d50000,0x0000000022e50000)]
  0x000000001a755000 JavaThread "build operations" [_thread_blocked, id=10824, stack(0x000000001ffb0000,0x00000000200b0000)]
  0x0000000019455800 JavaThread "Cache worker for Artifact transforms cache (C:\Users\Anakinliu\.gradle\caches\transforms-1)" [_thread_blocked, id=10744, stack(0x000000001feb0000,0x000000001ffb0000)]
  0x0000000019458000 JavaThread "Cache worker for file hash cache (F:\Android\GeoQuiz3\.gradle\4.1\fileHashes)" [_thread_blocked, id=3480, stack(0x000000001dab0000,0x000000001dbb0000)]
  0x000000001b5ab000 JavaThread "File lock request listener" [_thread_in_native, id=6448, stack(0x000000001d9b0000,0x000000001dab0000)]
  0x000000001b5aa800 JavaThread "Cache worker for file hash cache (C:\Users\Anakinliu\.gradle\caches\4.1\fileHashes)" [_thread_blocked, id=6516, stack(0x000000001d6b0000,0x000000001d7b0000)]
  0x000000001b953800 JavaThread "Stdin handler" [_thread_blocked, id=12156, stack(0x000000001d4b0000,0x000000001d5b0000)]
  0x000000001b952000 JavaThread "Asynchronous log dispatcher for DefaultDaemonConnection: socket connection from /127.0.0.1:50194 to /127.0.0.1:50195" [_thread_blocked, id=2224, stack(0x000000001d3b0000,0x000000001d4b0000)]
  0x000000001b951000 JavaThread "Daemon worker" [_thread_blocked, id=9236, stack(0x000000001d2b0000,0x000000001d3b0000)]
  0x000000001b95f000 JavaThread "Cancel handler" [_thread_blocked, id=9224, stack(0x000000001d1b0000,0x000000001d2b0000)]
  0x000000001b21c000 JavaThread "Handler for socket connection from /127.0.0.1:50194 to /127.0.0.1:50195" [_thread_in_native, id=10772, stack(0x000000001ceb0000,0x000000001cfb0000)]
  0x000000001b21b000 JavaThread "Daemon" [_thread_blocked, id=7128, stack(0x000000001cdb0000,0x000000001ceb0000)]
  0x000000001af6e000 JavaThread "Daemon periodic checks" [_thread_blocked, id=7788, stack(0x000000001ccb0000,0x000000001cdb0000)]
  0x000000001af6c800 JavaThread "Incoming local TCP Connector on port 50194" [_thread_in_native, id=10764, stack(0x000000001cb00000,0x000000001cc00000)]
  0x00000000194e2800 JavaThread "Service Thread" daemon [_thread_blocked, id=11860, stack(0x0000000019eb0000,0x0000000019fb0000)]
=>0x0000000019454000 JavaThread "C1 CompilerThread3" daemon [_thread_in_vm, id=11876, stack(0x0000000019db0000,0x0000000019eb0000)]
  0x0000000019446000 JavaThread "C2 CompilerThread2" daemon [_thread_blocked, id=11856, stack(0x0000000019cb0000,0x0000000019db0000)]
  0x00000000174ce800 JavaThread "C2 CompilerThread1" daemon [_thread_blocked, id=11840, stack(0x0000000019bb0000,0x0000000019cb0000)]
  0x00000000174cb800 JavaThread "C2 CompilerThread0" daemon [_thread_in_vm, id=7288, stack(0x0000000019ab0000,0x0000000019bb0000)]
  0x0000000019440800 JavaThread "Attach Listener" daemon [_thread_blocked, id=11872, stack(0x00000000199b0000,0x0000000019ab0000)]
  0x00000000193ed800 JavaThread "Signal Dispatcher" daemon [_thread_blocked, id=7368, stack(0x00000000198b0000,0x00000000199b0000)]
  0x00000000036fe800 JavaThread "Finalizer" daemon [_thread_blocked, id=660, stack(0x00000000197b0000,0x00000000198b0000)]
  0x00000000036f5000 JavaThread "Reference Handler" daemon [_thread_blocked, id=10392, stack(0x00000000192b0000,0x00000000193b0000)]
  0x00000000030de800 JavaThread "main" [_thread_blocked, id=9228, stack(0x0000000003500000,0x0000000003600000)]

Other Threads:
  0x00000000174b5800 VMThread [stack: 0x00000000191b0000,0x00000000192b0000] [id=10400]
  0x00000000194e3800 WatcherThread [stack: 0x0000000019fb0000,0x000000001a0b0000] [id=11864]

VM state:not at safepoint (normal execution)

VM Mutex/Monitor currently owned by a thread:  ([mutex/lock_event])
[0x00000000030dcd00] CodeCache_lock - owner thread: 0x0000000019454000
[0x0000000003600650] Compile_lock - owner thread: 0x0000000019454000
[0x0000000003601f50] MethodCompileQueue_lock - owner thread: 0x0000000019454000

Heap:
 PSYoungGen      total 214528K, used 28401K [0x00000000e0000000, 0x00000000f5e00000, 0x0000000100000000)
  eden space 200704K, 7% used [0x00000000e0000000,0x00000000e0e3deb0,0x00000000ec400000)
  from space 13824K, 99% used [0x00000000ec400000,0x00000000ed17e8b8,0x00000000ed180000)
  to   space 17920K, 0% used [0x00000000f4c80000,0x00000000f4c80000,0x00000000f5e00000)
 ParOldGen       total 123904K, used 20413K [0x00000000a0000000, 0x00000000a7900000, 0x00000000e0000000)
  object space 123904K, 16% used [0x00000000a0000000,0x00000000a13ef6f8,0x00000000a7900000)
 Metaspace       used 48742K, capacity 50020K, committed 50304K, reserved 1093632K
  class space    used 6534K, capacity 6944K, committed 7040K, reserved 1048576K

Card table byte_map: [0x0000000012ac0000,0x0000000012dd0000] byte_map_base: 0x00000000125c0000

Marking Bits: (ParMarkBitMap*) 0x0000000062343950
 Begin Bits: [0x00000000137d0000, 0x0000000014fd0000)
 End Bits:   [0x0000000014fd0000, 0x00000000167d0000)

Polling page: 0x0000000003040000

CodeCache: size=245760Kb used=17948Kb max_used=17948Kb free=227811Kb
 bounds [0x0000000003700000, 0x00000000048a0000, 0x0000000012700000]
 total_blobs=5785 nmethods=5038 adapters=657
 compilation: enabled

Compilation events (10 events):
Event: 9.964 Thread 0x0000000019454000 5595       3       org.apache.commons.collections.map.AbstractReferenceMap::get (23 bytes)
Event: 9.964 Thread 0x0000000019454000 nmethod 5595 0x0000000004881c50 code [0x0000000004881e20, 0x0000000004882668]
Event: 9.964 Thread 0x0000000019454000 5587       3       sun.misc.ProxyGenerator$ProxyMethod::access$100 (5 bytes)
Event: 9.964 Thread 0x0000000019454000 nmethod 5587 0x0000000004872f90 code [0x0000000004873100, 0x0000000004873268]
Event: 9.964 Thread 0x0000000019454000 5589       3       sun.misc.ProxyGenerator::access$500 (6 bytes)
Event: 9.964 Thread 0x0000000019454000 nmethod 5589 0x0000000004879850 code [0x00000000048799c0, 0x0000000004879b28]
Event: 9.964 Thread 0x0000000019454000 5590       3       sun.misc.ProxyGenerator::getMethodDescriptor (37 bytes)
Event: 9.965 Thread 0x0000000019454000 nmethod 5590 0x0000000004880fd0 code [0x00000000048811a0, 0x0000000004881968]
Event: 9.965 Thread 0x0000000019454000 5591       3       sun.misc.ProxyGenerator$ConstantPool::getInterfaceMethodRef (33 bytes)
Event: 9.965 Thread 0x00000000174ce800 5597       4       java.util.Arrays::hashCode (56 bytes)

GC Heap History (10 events):
Event: 3.772 GC heap before
{Heap before GC invocations=5 (full 1):
 PSYoungGen      total 76288K, used 65536K [0x00000000e0000000, 0x00000000e9500000, 0x0000000100000000)
  eden space 65536K, 100% used [0x00000000e0000000,0x00000000e4000000,0x00000000e4000000)
  from space 10752K, 0% used [0x00000000e4000000,0x00000000e4000000,0x00000000e4a80000)
  to   space 10752K, 0% used [0x00000000e8a80000,0x00000000e8a80000,0x00000000e9500000)
 ParOldGen       total 88064K, used 6675K [0x00000000a0000000, 0x00000000a5600000, 0x00000000e0000000)
  object space 88064K, 7% used [0x00000000a0000000,0x00000000a0684eb8,0x00000000a5600000)
 Metaspace       used 25616K, capacity 26110K, committed 26368K, reserved 1071104K
  class space    used 3534K, capacity 3714K, committed 3840K, reserved 1048576K
Event: 3.778 GC heap after
Heap after GC invocations=5 (full 1):
 PSYoungGen      total 123392K, used 6876K [0x00000000e0000000, 0x00000000e9180000, 0x0000000100000000)
  eden space 116224K, 0% used [0x00000000e0000000,0x00000000e0000000,0x00000000e7180000)
  from space 7168K, 95% used [0x00000000e8a80000,0x00000000e9137130,0x00000000e9180000)
  to   space 10752K, 0% used [0x00000000e7c80000,0x00000000e7c80000,0x00000000e8700000)
 ParOldGen       total 88064K, used 6683K [0x00000000a0000000, 0x00000000a5600000, 0x00000000e0000000)
  object space 88064K, 7% used [0x00000000a0000000,0x00000000a0686eb8,0x00000000a5600000)
 Metaspace       used 25616K, capacity 26110K, committed 26368K, reserved 1071104K
  class space    used 3534K, capacity 3714K, committed 3840K, reserved 1048576K
}
Event: 5.724 GC heap before
{Heap before GC invocations=6 (full 1):
 PSYoungGen      total 123392K, used 123100K [0x00000000e0000000, 0x00000000e9180000, 0x0000000100000000)
  eden space 116224K, 100% used [0x00000000e0000000,0x00000000e7180000,0x00000000e7180000)
  from space 7168K, 95% used [0x00000000e8a80000,0x00000000e9137130,0x00000000e9180000)
  to   space 10752K, 0% used [0x00000000e7c80000,0x00000000e7c80000,0x00000000e8700000)
 ParOldGen       total 88064K, used 6683K [0x00000000a0000000, 0x00000000a5600000, 0x00000000e0000000)
  object space 88064K, 7% used [0x00000000a0000000,0x00000000a0686eb8,0x00000000a5600000)
 Metaspace       used 31736K, capacity 32486K, committed 32640K, reserved 1077248K
  class space    used 4345K, capacity 4624K, committed 4736K, reserved 1048576K
Event: 5.732 GC heap after
Heap after GC invocations=6 (full 1):
 PSYoungGen      total 138240K, used 10590K [0x00000000e0000000, 0x00000000edf80000, 0x0000000100000000)
  eden space 127488K, 0% used [0x00000000e0000000,0x00000000e0000000,0x00000000e7c80000)
  from space 10752K, 98% used [0x00000000e7c80000,0x00000000e86d7a58,0x00000000e8700000)
  to   space 14336K, 0% used [0x00000000ed180000,0x00000000ed180000,0x00000000edf80000)
 ParOldGen       total 88064K, used 6763K [0x00000000a0000000, 0x00000000a5600000, 0x00000000e0000000)
  object space 88064K, 7% used [0x00000000a0000000,0x00000000a069aec8,0x00000000a5600000)
 Metaspace       used 31736K, capacity 32486K, committed 32640K, reserved 1077248K
  class space    used 4345K, capacity 4624K, committed 4736K, reserved 1048576K
}
Event: 7.898 GC heap before
{Heap before GC invocations=7 (full 1):
 PSYoungGen      total 138240K, used 33282K [0x00000000e0000000, 0x00000000edf80000, 0x0000000100000000)
  eden space 127488K, 17% used [0x00000000e0000000,0x00000000e1629000,0x00000000e7c80000)
  from space 10752K, 98% used [0x00000000e7c80000,0x00000000e86d7a58,0x00000000e8700000)
  to   space 14336K, 0% used [0x00000000ed180000,0x00000000ed180000,0x00000000edf80000)
 ParOldGen       total 88064K, used 6763K [0x00000000a0000000, 0x00000000a5600000, 0x00000000e0000000)
  object space 88064K, 7% used [0x00000000a0000000,0x00000000a069aec8,0x00000000a5600000)
 Metaspace       used 34506K, capacity 35276K, committed 35416K, reserved 1079296K
  class space    used 4709K, capacity 5006K, committed 5120K, reserved 1048576K
Event: 7.905 GC heap after
Heap after GC invocations=7 (full 1):
 PSYoungGen      total 215040K, used 10144K [0x00000000e0000000, 0x00000000eea80000, 0x0000000100000000)
  eden space 200704K, 0% used [0x00000000e0000000,0x00000000e0000000,0x00000000ec400000)
  from space 14336K, 70% used [0x00000000ed180000,0x00000000edb68060,0x00000000edf80000)
  to   space 13824K, 0% used [0x00000000ec400000,0x00000000ec400000,0x00000000ed180000)
 ParOldGen       total 88064K, used 6771K [0x00000000a0000000, 0x00000000a5600000, 0x00000000e0000000)
  object space 88064K, 7% used [0x00000000a0000000,0x00000000a069cec8,0x00000000a5600000)
 Metaspace       used 34506K, capacity 35276K, committed 35416K, reserved 1079296K
  class space    used 4709K, capacity 5006K, committed 5120K, reserved 1048576K
}
Event: 7.905 GC heap before
{Heap before GC invocations=8 (full 2):
 PSYoungGen      total 215040K, used 10144K [0x00000000e0000000, 0x00000000eea80000, 0x0000000100000000)
  eden space 200704K, 0% used [0x00000000e0000000,0x00000000e0000000,0x00000000ec400000)
  from space 14336K, 70% used [0x00000000ed180000,0x00000000edb68060,0x00000000edf80000)
  to   space 13824K, 0% used [0x00000000ec400000,0x00000000ec400000,0x00000000ed180000)
 ParOldGen       total 88064K, used 6771K [0x00000000a0000000, 0x00000000a5600000, 0x00000000e0000000)
  object space 88064K, 7% used [0x00000000a0000000,0x00000000a069cec8,0x00000000a5600000)
 Metaspace       used 34506K, capacity 35276K, committed 35416K, reserved 1079296K
  class space    used 4709K, capacity 5006K, committed 5120K, reserved 1048576K
Event: 7.978 GC heap after
Heap after GC invocations=8 (full 2):
 PSYoungGen      total 215040K, used 0K [0x00000000e0000000, 0x00000000eea80000, 0x0000000100000000)
  eden space 200704K, 0% used [0x00000000e0000000,0x00000000e0000000,0x00000000ec400000)
  from space 14336K, 0% used [0x00000000ed180000,0x00000000ed180000,0x00000000edf80000)
  to   space 13824K, 0% used [0x00000000ec400000,0x00000000ec400000,0x00000000ed180000)
 ParOldGen       total 123904K, used 16424K [0x00000000a0000000, 0x00000000a7900000, 0x00000000e0000000)
  object space 123904K, 13% used [0x00000000a0000000,0x00000000a100a300,0x00000000a7900000)
 Metaspace       used 34506K, capacity 35276K, committed 35416K, reserved 1079296K
  class space    used 4709K, capacity 5006K, committed 5120K, reserved 1048576K
}
Event: 9.841 GC heap before
{Heap before GC invocations=9 (full 2):
 PSYoungGen      total 215040K, used 200704K [0x00000000e0000000, 0x00000000eea80000, 0x0000000100000000)
  eden space 200704K, 100% used [0x00000000e0000000,0x00000000ec400000,0x00000000ec400000)
  from space 14336K, 0% used [0x00000000ed180000,0x00000000ed180000,0x00000000edf80000)
  to   space 13824K, 0% used [0x00000000ec400000,0x00000000ec400000,0x00000000ed180000)
 ParOldGen       total 123904K, used 16424K [0x00000000a0000000, 0x00000000a7900000, 0x00000000e0000000)
  object space 123904K, 13% used [0x00000000a0000000,0x00000000a100a300,0x00000000a7900000)
 Metaspace       used 47713K, capacity 48954K, committed 49152K, reserved 1091584K
  class space    used 6392K, capacity 6793K, committed 6912K, reserved 1048576K
Event: 9.854 GC heap after
Heap after GC invocations=9 (full 2):
 PSYoungGen      total 214528K, used 13818K [0x00000000e0000000, 0x00000000f5e00000, 0x0000000100000000)
  eden space 200704K, 0% used [0x00000000e0000000,0x00000000e0000000,0x00000000ec400000)
  from space 13824K, 99% used [0x00000000ec400000,0x00000000ed17e8b8,0x00000000ed180000)
  to   space 17920K, 0% used [0x00000000f4c80000,0x00000000f4c80000,0x00000000f5e00000)
 ParOldGen       total 123904K, used 20413K [0x00000000a0000000, 0x00000000a7900000, 0x00000000e0000000)
  object space 123904K, 16% used [0x00000000a0000000,0x00000000a13ef6f8,0x00000000a7900000)
 Metaspace       used 47713K, capacity 48954K, committed 49152K, reserved 1091584K
  class space    used 6392K, capacity 6793K, committed 6912K, reserved 1048576K
}

Deoptimization events (10 events):
Event: 9.271 Thread 0x000000001b951000 Uncommon trap: reason=class_check action=maybe_recompile pc=0x0000000004347184 method=com.sun.org.apache.xerces.internal.impl.XMLDocumentFragmentScannerImpl.scanEndElement()I @ 145
Event: 9.271 Thread 0x000000001b951000 Uncommon trap: reason=class_check action=maybe_recompile pc=0x0000000004347184 method=com.sun.org.apache.xerces.internal.impl.XMLDocumentFragmentScannerImpl.scanEndElement()I @ 145
Event: 9.339 Thread 0x000000001b951000 Uncommon trap: reason=unstable_if action=reinterpret pc=0x000000000447dc20 method=java.util.regex.Matcher.find()Z @ 10
Event: 9.347 Thread 0x000000001b951000 Uncommon trap: reason=unstable_if action=reinterpret pc=0x00000000042967c8 method=java.lang.CharacterDataLatin1.digit(II)I @ 31
Event: 9.355 Thread 0x000000001b951000 Uncommon trap: reason=unstable_if action=reinterpret pc=0x0000000003f0b868 method=java.lang.CharacterDataLatin1.digit(II)I @ 31
Event: 9.361 Thread 0x000000001b951000 Uncommon trap: reason=unstable_if action=reinterpret pc=0x0000000004178368 method=java.lang.CharacterDataLatin1.digit(II)I @ 31
Event: 9.410 Thread 0x000000001b951000 Uncommon trap: reason=class_check action=maybe_recompile pc=0x00000000046e78f8 method=com.sun.org.apache.xerces.internal.impl.XMLDocumentFragmentScannerImpl$FragmentContentDriver.next()I @ 1410
Event: 9.417 Thread 0x000000001b951000 Uncommon trap: reason=class_check action=maybe_recompile pc=0x00000000046e78f8 method=com.sun.org.apache.xerces.internal.impl.XMLDocumentFragmentScannerImpl$FragmentContentDriver.next()I @ 1410
Event: 9.453 Thread 0x000000001b951000 Uncommon trap: reason=unstable_if action=reinterpret pc=0x000000000391b3bc method=java.lang.String$CaseInsensitiveComparator.compare(Ljava/lang/String;Ljava/lang/String;)I @ 70
Event: 9.957 Thread 0x000000001b951000 Uncommon trap: reason=unstable_if action=reinterpret pc=0x0000000003ec8404 method=org.objectweb.asm.ByteVector.putUTF8(Ljava/lang/String;)Lorg/objectweb/asm/ByteVector; @ 91

Classes redefined (0 events):
No events

Internal exceptions (10 events):
Event: 9.728 Thread 0x000000001b951000 Exception <a 'sun/nio/fs/WindowsException'> (0x00000000eb3c3950) thrown at [D:\src\AOSP-openjdk-cygwin\jdk8u\hotspot\src\share\vm\prims\jni.cpp, line 709]
Event: 9.728 Thread 0x000000001b951000 Exception <a 'sun/nio/fs/WindowsException'> (0x00000000eb3c4b98) thrown at [D:\src\AOSP-openjdk-cygwin\jdk8u\hotspot\src\share\vm\prims\jni.cpp, line 709]
Event: 9.728 Thread 0x000000001b951000 Exception <a 'sun/nio/fs/WindowsException'> (0x00000000eb3c71e0) thrown at [D:\src\AOSP-openjdk-cygwin\jdk8u\hotspot\src\share\vm\prims\jni.cpp, line 709]
Event: 9.728 Thread 0x000000001b951000 Exception <a 'sun/nio/fs/WindowsException'> (0x00000000eb3c7c48) thrown at [D:\src\AOSP-openjdk-cygwin\jdk8u\hotspot\src\share\vm\prims\jni.cpp, line 709]
Event: 9.786 Thread 0x000000001b951000 Exception <a 'java/lang/NoSuchMethodError': java.lang.Object.lambda$comparing$77a9974f$1(Ljava/util/function/Function;Ljava/lang/Object;Ljava/lang/Object;)I> (0x00000000ec04a7c8) thrown at [D:\src\AOSP-openjdk-cygwin\jdk8u\hotspot\src\share\vm\interpreter
Event: 9.787 Thread 0x000000001b951000 Exception <a 'java/lang/NoSuchMethodError': java.lang.Object.lambda$thenComparing$36697e65$1(Ljava/util/Comparator;Ljava/lang/Object;Ljava/lang/Object;)I> (0x00000000ec055d98) thrown at [D:\src\AOSP-openjdk-cygwin\jdk8u\hotspot\src\share\vm\interpreter\li
Event: 9.805 Thread 0x000000001b951000 Exception <a 'java/lang/NoSuchMethodError': java.lang.Object.lambda$maxBy$1(Ljava/util/Comparator;Ljava/lang/Object;Ljava/lang/Object;)Ljava/lang/Object;> (0x00000000ec194360) thrown at [D:\src\AOSP-openjdk-cygwin\jdk8u\hotspot\src\share\vm\interpreter\li
Event: 9.818 Thread 0x000000001b951000 Exception <a 'sun/nio/fs/WindowsException'> (0x00000000ec29dc38) thrown at [D:\src\AOSP-openjdk-cygwin\jdk8u\hotspot\src\share\vm\prims\jni.cpp, line 709]
Event: 9.916 Thread 0x000000001b951000 Exception <a 'java/lang/ClassNotFoundException': org/gradle/api/plugins/BasePluginConventionBeanInfo> (0x00000000e08473b0) thrown at [D:\src\AOSP-openjdk-cygwin\jdk8u\hotspot\src\share\vm\classfile\systemDictionary.cpp, line 210]
Event: 9.917 Thread 0x000000001b951000 Exception <a 'java/lang/ClassNotFoundException': org/gradle/api/plugins/BasePluginConventionCustomizer> (0x00000000e0866cb0) thrown at [D:\src\AOSP-openjdk-cygwin\jdk8u\hotspot\src\share\vm\classfile\systemDictionary.cpp, line 210]

Events (10 events):
Event: 9.963 loading class com/android/build/gradle/internal/variant/TaskContainer$TaskKind
Event: 9.963 loading class com/android/build/gradle/internal/variant/TaskContainer$TaskKind done
Event: 9.964 loading class com/android/build/gradle/internal/ApplicationTaskManager$2
Event: 9.964 loading class com/android/build/gradle/internal/ApplicationTaskManager$2 done
Event: 9.964 loading class com/android/build/gradle/internal/tasks/AppPreBuildTask$ConfigAction
Event: 9.964 loading class com/android/build/gradle/internal/tasks/AppPreBuildTask$ConfigAction done
Event: 9.964 loading class com/android/build/gradle/internal/tasks/AppPreBuildTask
Event: 9.964 loading class com/android/build/gradle/internal/tasks/AppPreBuildTask done
Event: 9.965 loading class org/gradle/api/artifacts/component/ComponentIdentifier
Event: 9.965 loading class org/gradle/api/artifacts/component/ComponentIdentifier done


Dynamic libraries:
0x00007ff63a600000 - 0x00007ff63a631000 	C:\Program Files\Android\Android Studio\jre\bin\java.exe
0x00007ffa4f550000 - 0x00007ffa4f731000 	C:\WINDOWS\SYSTEM32\ntdll.dll
0x00007ffa4e4c0000 - 0x00007ffa4e571000 	C:\WINDOWS\System32\KERNEL32.DLL
0x00007ffa4c5f0000 - 0x00007ffa4c85c000 	C:\WINDOWS\System32\KERNELBASE.dll
0x00007ffa4eb40000 - 0x00007ffa4ebe1000 	C:\WINDOWS\System32\ADVAPI32.dll
0x00007ffa4c9f0000 - 0x00007ffa4ca8e000 	C:\WINDOWS\System32\msvcrt.dll
0x00007ffa4e7d0000 - 0x00007ffa4e82b000 	C:\WINDOWS\System32\sechost.dll
0x00007ffa4ebf0000 - 0x00007ffa4ed14000 	C:\WINDOWS\System32\RPCRT4.dll
0x00007ffa4f390000 - 0x00007ffa4f520000 	C:\WINDOWS\System32\USER32.dll
0x00007ffa4c4d0000 - 0x00007ffa4c4f0000 	C:\WINDOWS\System32\win32u.dll
0x00007ffa4ed20000 - 0x00007ffa4ed48000 	C:\WINDOWS\System32\GDI32.dll
0x00007ffa4c860000 - 0x00007ffa4c9e9000 	C:\WINDOWS\System32\gdi32full.dll
0x00007ffa4c3d0000 - 0x00007ffa4c46f000 	C:\WINDOWS\System32\msvcp_win.dll
0x00007ffa4c0e0000 - 0x00007ffa4c1da000 	C:\WINDOWS\System32\ucrtbase.dll
0x00007ffa3b650000 - 0x00007ffa3b8b9000 	C:\WINDOWS\WinSxS\amd64_microsoft.windows.common-controls_6595b64144ccf1df_6.0.17115.1_none_e4db93bb1058f1b0\COMCTL32.dll
0x00007ffa4cb10000 - 0x00007ffa4ce2c000 	C:\WINDOWS\System32\combase.dll
0x00007ffa4c060000 - 0x00007ffa4c0da000 	C:\WINDOWS\System32\bcryptPrimitives.dll
0x00007ffa4e6d0000 - 0x00007ffa4e6fd000 	C:\WINDOWS\System32\IMM32.DLL
0x0000000060d50000 - 0x0000000060e22000 	C:\Program Files\Android\Android Studio\jre\jre\bin\msvcr100.dll
0x0000000061b80000 - 0x00000000623be000 	C:\Program Files\Android\Android Studio\jre\jre\bin\server\jvm.dll
0x00007ffa4f1a0000 - 0x00007ffa4f1a8000 	C:\WINDOWS\System32\PSAPI.DLL
0x00007ffa30030000 - 0x00007ffa30039000 	C:\WINDOWS\SYSTEM32\WSOCK32.dll
0x00007ffa47910000 - 0x00007ffa47933000 	C:\WINDOWS\SYSTEM32\WINMM.dll
0x00007ffa49450000 - 0x00007ffa4945a000 	C:\WINDOWS\SYSTEM32\VERSION.dll
0x00007ffa4e8e0000 - 0x00007ffa4e94c000 	C:\WINDOWS\System32\WS2_32.dll
0x00007ffa47610000 - 0x00007ffa4763a000 	C:\WINDOWS\SYSTEM32\WINMMBASE.dll
0x00007ffa4c5a0000 - 0x00007ffa4c5e9000 	C:\WINDOWS\System32\cfgmgr32.dll
0x00007ffa2e490000 - 0x00007ffa2e49f000 	C:\Program Files\Android\Android Studio\jre\jre\bin\verify.dll
0x00007ffa195c0000 - 0x00007ffa195e9000 	C:\Program Files\Android\Android Studio\jre\jre\bin\java.dll
0x00007ffa195a0000 - 0x00007ffa195b6000 	C:\Program Files\Android\Android Studio\jre\jre\bin\zip.dll
0x00007ffa4ce40000 - 0x00007ffa4e27a000 	C:\WINDOWS\System32\SHELL32.dll
0x00007ffa4e830000 - 0x00007ffa4e8d9000 	C:\WINDOWS\System32\shcore.dll
0x00007ffa4b930000 - 0x00007ffa4c054000 	C:\WINDOWS\System32\windows.storage.dll
0x00007ffa4f310000 - 0x00007ffa4f361000 	C:\WINDOWS\System32\shlwapi.dll
0x00007ffa4b8d0000 - 0x00007ffa4b8e1000 	C:\WINDOWS\System32\kernel.appcore.dll
0x00007ffa4b910000 - 0x00007ffa4b92f000 	C:\WINDOWS\System32\profapi.dll
0x00007ffa4b870000 - 0x00007ffa4b8bc000 	C:\WINDOWS\System32\powrprof.dll
0x00007ffa4b8c0000 - 0x00007ffa4b8ca000 	C:\WINDOWS\System32\FLTLIB.DLL
0x00007ffa472f0000 - 0x00007ffa4730a000 	C:\Program Files\Android\Android Studio\jre\jre\bin\net.dll
0x00007ffa39790000 - 0x00007ffa397b0000 	C:\WINDOWS\system32\PrxerDrv.dll
0x00007ffa4adb0000 - 0x00007ffa4ae16000 	C:\WINDOWS\system32\mswsock.dll
0x00007ffa45e70000 - 0x00007ffa45e81000 	C:\Program Files\Android\Android Studio\jre\jre\bin\nio.dll
0x00007ffa44250000 - 0x00007ffa4426e000 	C:\Users\Anakinliu\.gradle\native\25\windows-amd64\native-platform.dll
0x00007ffa18790000 - 0x00007ffa1879d000 	C:\Program Files\Android\Android Studio\jre\jre\bin\management.dll
0x00007ffa4b390000 - 0x00007ffa4b3a7000 	C:\WINDOWS\SYSTEM32\CRYPTSP.dll
0x00007ffa4a990000 - 0x00007ffa4a9c3000 	C:\WINDOWS\system32\rsaenh.dll
0x00007ffa4b3b0000 - 0x00007ffa4b3d5000 	C:\WINDOWS\SYSTEM32\bcrypt.dll
0x00007ffa4b7a0000 - 0x00007ffa4b7c8000 	C:\WINDOWS\SYSTEM32\USERENV.dll
0x00007ffa4af60000 - 0x00007ffa4af6b000 	C:\WINDOWS\SYSTEM32\CRYPTBASE.dll
0x00007ffa4ab30000 - 0x00007ffa4ab68000 	C:\WINDOWS\SYSTEM32\IPHLPAPI.DLL
0x00007ffa4ce30000 - 0x00007ffa4ce38000 	C:\WINDOWS\System32\NSI.dll
0x00007ffa45a80000 - 0x00007ffa45a96000 	C:\WINDOWS\SYSTEM32\dhcpcsvc6.DLL
0x00007ffa45490000 - 0x00007ffa454aa000 	C:\WINDOWS\SYSTEM32\dhcpcsvc.DLL

VM Arguments:
jvm_args: -Xmx1536m -Dfile.encoding=GBK -Duser.country=CN -Duser.language=zh -Duser.variant 
java_command: org.gradle.launcher.daemon.bootstrap.GradleDaemon 4.1
java_class_path (initial): C:\Users\Anakinliu\.gradle\wrapper\dists\gradle-4.1-all\bzyivzo6n839fup2jbap0tjew\gradle-4.1\lib\gradle-launcher-4.1.jar
Launcher Type: SUN_STANDARD

Environment Variables:
JAVA_HOME=D:\SOFTWARE\JDK_9\JDK
PATH=C:\WINDOWS\system32;C:\WINDOWS;C:\WINDOWS\System32\Wbem;C:\WINDOWS\System32\WindowsPowerShell\v1.0\;C:\Program Files (x86)\NVIDIA Corporation\PhysX\Common;D:\Program Files\Process Lasso\;C:\Program Files (x86)\Windows Kits\10\Windows Performance Toolkit\;C:\Program Files (x86)\GtkSharp\2.12\bin;D:\SOFTWARE\Git_new\cmd;D:\Program Files\nodejs\;C:\WINDOWS\system32;C:\WINDOWS;C:\WINDOWS\System32\Wbem;C:\WINDOWS\System32\WindowsPowerShell\v1.0\;H:\Android\SDK\platform-tools;D:\SOFTWARE\JDK_9\JDK\bin;D:\Program Files\Python36\Scripts\;D:\Program Files\Python36\;C:\Users\Anakinliu\AppData\Local\Microsoft\WindowsApps;H:\Android\SDK\platform-tools;D:\Program Files\Python36\Scripts;D:\Program Files\Fiddler;D:\Program Files\Microsoft VS Code\bin;C:\Users\Anakinliu\AppData\Roaming\npm;C:\Users\Anakinliu\AppData\Local\atom\bin;%USERPROFILE%\AppData\Local\Microsoft\WindowsApps;
USERNAME=Anakinliu
OS=Windows_NT
PROCESSOR_IDENTIFIER=Intel64 Family 6 Model 94 Stepping 3, GenuineIntel



---------------  S Y S T E M  ---------------

OS: Windows 10.0 , 64 bit Build 17115 (10.0.17115.1)

CPU:total 8 (initial active 8) (4 cores per cpu, 2 threads per core) family 6 model 94 stepping 3, cmov, cx8, fxsr, mmx, sse, sse2, sse3, ssse3, sse4.1, sse4.2, popcnt, avx, avx2, aes, clmul, erms, rtm, 3dnowpref, lzcnt, ht, tsc, tscinvbit, bmi1, bmi2, adx

Memory: 4k page, physical 16693320k(11940052k free), swap 19183688k(13988640k free)

vm_info: OpenJDK 64-Bit Server VM (25.152-b01) for windows-amd64 JRE (1.8.0_152-release-915-b01), built by "builder" with MS VC++ 10.0 (VS2010)

time: Mon Mar 19 09:04:14 2018
elapsed time: 9 seconds (0d 0h 0m 9s)

