#
# A fatal error has been detected by the Java Runtime Environment:
#
#  EXCEPTION_ACCESS_VIOLATION (0xc0000005) at pc=0x000000005bebc959, pid=12348, tid=0x0000000000002e34
#
# JRE version: OpenJDK Runtime Environment (8.0_152-b01) (build 1.8.0_152-release-915-b01)
# Java VM: OpenJDK 64-Bit Server VM (25.152-b01 mixed mode windows-amd64 compressed oops)
# Problematic frame:
# V  [jvm.dll+0x9c959]
#
# Failed to write core dump. Minidumps are not enabled by default on client versions of Windows
#
# If you would like to submit a bug report, please visit:
#   http://bugreport.java.com/bugreport/crash.jsp
#

---------------  T H R E A D  ---------------

Current thread (0x000000001b19c800):  JavaThread "Daemon worker" [_thread_in_vm, id=11828, stack(0x000000001ceb0000,0x000000001cfb0000)]

siginfo: ExceptionCode=0xc0000005, reading address 0x0000000000000018

Registers:
RAX=0x0000000100014f60, RBX=0x0000000000000001, RCX=0x0000000000000200, RDX=0x0000000000000018
RSP=0x000000001cfa9880, RBP=0x000000001cfa9980, RSI=0x000000001b19c800, RDI=0x0000000000000000
R8 =0x0000000100014f60, R9 =0x00000000167a1b28, R10=0x00000000000001e6, R11=0x0000000003185ee0
R12=0x000000001cfa9a60, R13=0x000000001b19c800, R14=0x00000000031b4d00, R15=0x000000001cfaa3f0
RIP=0x000000005bebc959, EFLAGS=0x0000000000010246

Top of Stack: (sp=0x000000001cfa9880)
0x000000001cfa9880:   000000001b19c800 0000000000000000
0x000000001cfa9890:   0000000000000000 000000001b19c800
0x000000001cfa98a0:   000000001b19c800 000000001ac0bc40
0x000000001cfa98b0:   000000001ae71e70 000000001ae71e90
0x000000001cfa98c0:   000000001ae71f58 00000000000000d8
0x000000001cfa98d0:   000000001cfaf678 0000000019079420
0x000000001cfa98e0:   000000001ae71e88 000000005beb9814
0x000000001cfa98f0:   0000000000000000 000000001ae71e88
0x000000001cfa9900:   0000000000000000 000000001cfa9bb0
0x000000001cfa9910:   000000001b19c800 0000000000000001
0x000000001cfa9920:   000000001b19c800 0000000003304864
0x000000001cfa9930:   0000000000000168 000000005c03db74
0x000000001cfa9940:   00000000031b4d00 0000000019079420
0x000000001cfa9950:   00000000190797f8 00000000000003d8
0x000000001cfa9960:   000000001cfa99e0 000000005be5b295
0x000000001cfa9970:   0000000000000000 000000001b19c800 

Instructions: (pc=0x000000005bebc959)
0x000000005bebc939:   03 bd 00 00 48 89 7b 10 48 89 73 18 4c 89 73 20
0x000000005bebc949:   e9 8f 06 00 00 41 8b 50 0c 48 8b bd b0 00 00 00
0x000000005bebc959:   48 39 04 3a 0f 84 cf 00 00 00 83 fa 18 75 21 48
0x000000005bebc969:   8b d0 48 8b cf e8 dd 2e 06 00 48 8b bd b0 00 00 


Register to memory mapping:

RAX=0x0000000100014f60 is pointing into metadata
RBX=0x0000000000000001 is an unknown value
RCX=0x0000000000000200 is an unknown value
RDX=0x0000000000000018 is an unknown value
RSP=0x000000001cfa9880 is pointing into the stack for thread: 0x000000001b19c800
RBP=0x000000001cfa9980 is pointing into the stack for thread: 0x000000001b19c800
RSI=0x000000001b19c800 is a thread
RDI=0x0000000000000000 is an unknown value
R8 =0x0000000100014f60 is pointing into metadata
R9 ={method} {0x00000000167a1b30} 'iterator' '()Ljava/util/Iterator;' in 'java/util/List'
R10=0x00000000000001e6 is an unknown value
R11=0x0000000003185ee0 is an unknown value
R12=0x000000001cfa9a60 is pointing into the stack for thread: 0x000000001b19c800
R13=0x000000001b19c800 is a thread
R14=0x00000000031b4d00 is an unknown value
R15=0x000000001cfaa3f0 is pointing into the stack for thread: 0x000000001b19c800


Stack: [0x000000001ceb0000,0x000000001cfb0000],  sp=0x000000001cfa9880,  free space=998k
Native frames: (J=compiled Java code, j=interpreted, Vv=VM code, C=native code)
V  [jvm.dll+0x9c959]
V  [jvm.dll+0x9dd97]
V  [jvm.dll+0x9e5ca]
V  [jvm.dll+0x9eb55]
V  [jvm.dll+0x20684e]
V  [jvm.dll+0x20952d]
V  [jvm.dll+0x209d0f]
C  0x0000000003355d1e

Java frames: (J=compiled Java code, j=interpreted, Vv=VM code)
v  ~RuntimeStub::ic_miss_stub
J 5789 C1 org.gradle.api.internal.AbstractClassGenerator.inspectType(Ljava/lang/Class;Lorg/gradle/api/internal/AbstractClassGenerator$ClassMetaData;)V (524 bytes) @ 0x00000000044de044 [0x00000000044da300+0x3d44]
j  org.gradle.api.internal.AbstractClassGenerator.inspectType(Ljava/lang/Class;)Lorg/gradle/api/internal/AbstractClassGenerator$ClassMetaData;+47
J 4456 C1 org.gradle.api.internal.AbstractClassGenerator.generateUnderLock(Ljava/lang/Class;)Ljava/lang/Class; (1075 bytes) @ 0x0000000003b4975c [0x0000000003b47320+0x243c]
J 5601 C1 org.gradle.api.internal.AbstractClassGenerator.generate(Ljava/lang/Class;)Ljava/lang/Class; (35 bytes) @ 0x0000000004441ac4 [0x00000000044418c0+0x204]
j  org.gradle.api.internal.project.taskfactory.TaskFactory.create(Ljava/lang/String;Ljava/lang/Class;)Lorg/gradle/api/internal/TaskInternal;+65
j  org.gradle.api.internal.project.taskfactory.TaskFactory.create(Ljava/lang/String;Ljava/lang/Class;)Ljava/lang/Object;+3
j  org.gradle.api.internal.project.taskfactory.AnnotationProcessingTaskFactory.create(Ljava/lang/String;Ljava/lang/Class;)Lorg/gradle/api/internal/TaskInternal;+7
j  org.gradle.api.internal.project.taskfactory.AnnotationProcessingTaskFactory.create(Ljava/lang/String;Ljava/lang/Class;)Ljava/lang/Object;+3
j  org.gradle.api.internal.project.taskfactory.DependencyAutoWireTaskFactory.create(Ljava/lang/String;Ljava/lang/Class;)Lorg/gradle/api/internal/TaskInternal;+7
j  org.gradle.api.internal.project.taskfactory.DependencyAutoWireTaskFactory.create(Ljava/lang/String;Ljava/lang/Class;)Ljava/lang/Object;+3
j  org.gradle.api.internal.tasks.DefaultTaskContainer$TaskInstantiator.create(Ljava/lang/String;Ljava/lang/Class;)Lorg/gradle/api/Task;+44
j  org.gradle.api.internal.tasks.DefaultTaskContainer$TaskInstantiator.create(Ljava/lang/String;Ljava/lang/Class;)Ljava/lang/Object;+3
j  org.gradle.api.internal.tasks.DefaultTaskContainer.create(Ljava/lang/String;Ljava/lang/Class;)Lorg/gradle/api/Task;+6
j  org.gradle.api.internal.tasks.DefaultTaskContainer.create(Ljava/lang/String;Ljava/lang/Class;Lorg/gradle/api/Action;)Lorg/gradle/api/Task;+3
j  com.android.build.gradle.internal.TaskContainerAdaptor.create(Ljava/lang/String;Ljava/lang/Class;Lorg/gradle/api/Action;)V+7
j  com.android.build.gradle.internal.scope.AndroidTaskRegistry.create(Lcom/android/build/gradle/internal/TaskFactory;Ljava/lang/String;Ljava/lang/Class;Lorg/gradle/api/Action;)Lcom/android/build/gradle/internal/scope/AndroidTask;+5
j  com.android.build.gradle.internal.scope.AndroidTaskRegistry.create(Lcom/android/build/gradle/internal/TaskFactory;Lcom/android/build/gradle/internal/scope/TaskConfigAction;)Lcom/android/build/gradle/internal/scope/AndroidTask;+15
j  com.android.build.gradle.internal.TaskManager.getValidateSigningTask(Lcom/android/build/gradle/internal/TaskFactory;Lcom/android/build/gradle/internal/scope/PackagingScope;)Lcom/android/build/gradle/internal/scope/AndroidTask;+33
j  com.android.build.gradle.internal.TaskManager.createPackagingTask(Lcom/android/build/gradle/internal/TaskFactory;Lcom/android/build/gradle/internal/scope/VariantScope;Lcom/android/build/gradle/internal/scope/AndroidTask;)V+421
j  com.android.build.gradle.internal.ApplicationTaskManager.lambda$createTasksForVariantScope$14(Lcom/android/build/gradle/internal/TaskFactory;Lcom/android/build/gradle/internal/scope/VariantScope;)V+11
j  com.android.build.gradle.internal.ApplicationTaskManager$$Lambda$215.call()V+12
j  com.android.builder.profile.ThreadRecorder.record(Lcom/google/wireless/android/sdk/stats/GradleBuildProfileSpan$ExecutionType;Ljava/lang/String;Ljava/lang/String;Lcom/android/builder/profile/Recorder$VoidBlock;)V+17
j  com.android.build.gradle.internal.ApplicationTaskManager.createTasksForVariantScope(Lcom/android/build/gradle/internal/TaskFactory;Lcom/android/build/gradle/internal/scope/VariantScope;)V+705
j  com.android.build.gradle.internal.VariantManager.createTasksForVariantData(Lcom/android/build/gradle/internal/TaskFactory;Lcom/android/build/gradle/internal/scope/VariantScope;)V+619
j  com.android.build.gradle.internal.VariantManager.lambda$createAndroidTasks$1(Lcom/android/build/gradle/internal/TaskFactory;Lcom/android/build/gradle/internal/scope/VariantScope;)V+3
j  com.android.build.gradle.internal.VariantManager$$Lambda$136.call()V+12
j  com.android.builder.profile.ThreadRecorder.record(Lcom/google/wireless/android/sdk/stats/GradleBuildProfileSpan$ExecutionType;Ljava/lang/String;Ljava/lang/String;Lcom/android/builder/profile/Recorder$VoidBlock;)V+17
j  com.android.build.gradle.internal.VariantManager.createAndroidTasks()V+168
j  com.android.build.gradle.BasePlugin.lambda$createAndroidTasks$5()V+4
j  com.android.build.gradle.BasePlugin$$Lambda$93.call()V+4
j  com.android.builder.profile.ThreadRecorder.record(Lcom/google/wireless/android/sdk/stats/GradleBuildProfileSpan$ExecutionType;Ljava/lang/String;Ljava/lang/String;Lcom/android/builder/profile/Recorder$VoidBlock;)V+17
j  com.android.build.gradle.BasePlugin.createAndroidTasks(Z)V+298
j  com.android.build.gradle.BasePlugin.lambda$null$3()V+2
j  com.android.build.gradle.BasePlugin$$Lambda$69.call()V+4
j  com.android.builder.profile.ThreadRecorder.record(Lcom/google/wireless/android/sdk/stats/GradleBuildProfileSpan$ExecutionType;Ljava/lang/String;Ljava/lang/String;Lcom/android/builder/profile/Recorder$VoidBlock;)V+17
j  com.android.build.gradle.BasePlugin.lambda$createTasks$4(Lorg/gradle/api/Project;)V+20
j  com.android.build.gradle.BasePlugin$$Lambda$68.execute(Ljava/lang/Object;)V+8
j  org.gradle.internal.event.BroadcastDispatch$ActionInvocationHandler.dispatch(Lorg/gradle/internal/dispatch/MethodInvocation;)V+27
j  org.gradle.internal.event.BroadcastDispatch$ActionInvocationHandler.dispatch(Ljava/lang/Object;)V+5
J 962 C1 org.gradle.internal.event.AbstractBroadcastDispatch.dispatch(Lorg/gradle/internal/dispatch/MethodInvocation;Lorg/gradle/internal/dispatch/Dispatch;)V (53 bytes) @ 0x00000000036af13c [0x00000000036af020+0x11c]
J 950 C1 org.gradle.internal.event.BroadcastDispatch$SingletonDispatch.dispatch(Ljava/lang/Object;)V (9 bytes) @ 0x000000000369cdb4 [0x000000000369cb80+0x234]
J 1444 C1 org.gradle.internal.event.AbstractBroadcastDispatch.dispatch(Lorg/gradle/internal/dispatch/MethodInvocation;Ljava/util/Iterator;)V (191 bytes) @ 0x00000000037f98a4 [0x00000000037f94e0+0x3c4]
J 1522 C1 org.gradle.internal.event.BroadcastDispatch$CompositeDispatch.dispatch(Ljava/lang/Object;)V (9 bytes) @ 0x0000000003831114 [0x0000000003830e20+0x2f4]
J 966 C1 org.gradle.internal.event.ListenerBroadcast.dispatch(Ljava/lang/Object;)V (9 bytes) @ 0x00000000036b34fc [0x00000000036b32c0+0x23c]
J 952 C1 org.gradle.internal.dispatch.ProxyDispatchAdapter$DispatchingInvocationHandler.invoke(Ljava/lang/Object;Ljava/lang/reflect/Method;[Ljava/lang/Object;)Ljava/lang/Object; (185 bytes) @ 0x00000000036aa5e4 [0x00000000036a9440+0x11a4]
j  com.sun.proxy.$Proxy27.afterEvaluate(Lorg/gradle/api/Project;Lorg/gradle/api/ProjectState;)V+20
j  org.gradle.configuration.project.LifecycleProjectEvaluator.notifyAfterEvaluate(Lorg/gradle/api/ProjectEvaluationListener;Lorg/gradle/api/internal/project/ProjectInternal;Lorg/gradle/api/internal/project/ProjectStateInternal;)V+3
j  org.gradle.configuration.project.LifecycleProjectEvaluator.doConfigure(Lorg/gradle/api/internal/project/ProjectInternal;Lorg/gradle/api/internal/project/ProjectStateInternal;)V+57
j  org.gradle.configuration.project.LifecycleProjectEvaluator.access$100(Lorg/gradle/configuration/project/LifecycleProjectEvaluator;Lorg/gradle/api/internal/project/ProjectInternal;Lorg/gradle/api/internal/project/ProjectStateInternal;)V+3
j  org.gradle.configuration.project.LifecycleProjectEvaluator$ConfigureProject.run(Lorg/gradle/internal/operations/BuildOperationContext;)V+12
j  org.gradle.internal.progress.DefaultBuildOperationExecutor$RunnableBuildOperationWorker.execute(Lorg/gradle/internal/operations/RunnableBuildOperation;Lorg/gradle/internal/operations/BuildOperationContext;)V+2
j  org.gradle.internal.progress.DefaultBuildOperationExecutor$RunnableBuildOperationWorker.execute(Lorg/gradle/internal/operations/BuildOperation;Lorg/gradle/internal/operations/BuildOperationContext;)V+6
j  org.gradle.internal.progress.DefaultBuildOperationExecutor.execute(Lorg/gradle/internal/operations/BuildOperation;Lorg/gradle/internal/operations/BuildOperationWorker;Lorg/gradle/internal/progress/DefaultBuildOperationExecutor$DefaultBuildOperationState;)V+177
j  org.gradle.internal.progress.DefaultBuildOperationExecutor.run(Lorg/gradle/internal/operations/RunnableBuildOperation;)V+20
j  org.gradle.configuration.project.LifecycleProjectEvaluator.evaluate(Lorg/gradle/api/internal/project/ProjectInternal;Lorg/gradle/api/internal/project/ProjectStateInternal;)V+30
j  org.gradle.api.internal.project.DefaultProject.evaluate()Lorg/gradle/api/internal/project/DefaultProject;+9
j  org.gradle.api.internal.project.DefaultProject.evaluate()Lorg/gradle/api/Project;+1
j  org.gradle.execution.TaskPathProjectEvaluator.configure(Lorg/gradle/api/internal/project/ProjectInternal;)V+21
j  org.gradle.execution.TaskPathProjectEvaluator.configureHierarchy(Lorg/gradle/api/internal/project/ProjectInternal;)V+41
j  org.gradle.configuration.DefaultBuildConfigurer.configure(Lorg/gradle/api/internal/GradleInternal;)V+45
j  org.gradle.initialization.DefaultGradleLauncher$ConfigureBuild.run(Lorg/gradle/internal/operations/BuildOperationContext;)V+14
j  org.gradle.internal.progress.DefaultBuildOperationExecutor$RunnableBuildOperationWorker.execute(Lorg/gradle/internal/operations/RunnableBuildOperation;Lorg/gradle/internal/operations/BuildOperationContext;)V+2
j  org.gradle.internal.progress.DefaultBuildOperationExecutor$RunnableBuildOperationWorker.execute(Lorg/gradle/internal/operations/BuildOperation;Lorg/gradle/internal/operations/BuildOperationContext;)V+6
j  org.gradle.internal.progress.DefaultBuildOperationExecutor.execute(Lorg/gradle/internal/operations/BuildOperation;Lorg/gradle/internal/operations/BuildOperationWorker;Lorg/gradle/internal/progress/DefaultBuildOperationExecutor$DefaultBuildOperationState;)V+177
j  org.gradle.internal.progress.DefaultBuildOperationExecutor.run(Lorg/gradle/internal/operations/RunnableBuildOperation;)V+20
j  org.gradle.initialization.DefaultGradleLauncher.configureBuild()V+23
j  org.gradle.initialization.DefaultGradleLauncher.doBuildStages(Lorg/gradle/initialization/DefaultGradleLauncher$Stage;)V+13
j  org.gradle.initialization.DefaultGradleLauncher.getConfiguredBuild()Lorg/gradle/api/internal/GradleInternal;+4
j  org.gradle.internal.invocation.GradleBuildController$2.call()Lorg/gradle/api/internal/GradleInternal;+7
j  org.gradle.internal.invocation.GradleBuildController$2.call()Ljava/lang/Object;+1
j  org.gradle.internal.work.DefaultWorkerLeaseService.withLocks(Ljava/lang/Iterable;Ljava/util/concurrent/Callable;)Ljava/lang/Object;+15
j  org.gradle.internal.invocation.GradleBuildController.doBuild(Ljava/util/concurrent/Callable;)Lorg/gradle/api/internal/GradleInternal;+52
j  org.gradle.internal.invocation.GradleBuildController.configure()Lorg/gradle/api/internal/GradleInternal;+9
j  org.gradle.tooling.internal.provider.runner.ClientProvidedBuildActionRunner.run(Lorg/gradle/internal/invocation/BuildAction;Lorg/gradle/internal/invocation/BuildController;)V+90
j  org.gradle.launcher.exec.ChainingBuildActionRunner.run(Lorg/gradle/internal/invocation/BuildAction;Lorg/gradle/internal/invocation/BuildController;)V+34
j  org.gradle.launcher.exec.ChainingBuildActionRunner.run(Lorg/gradle/internal/invocation/BuildAction;Lorg/gradle/internal/invocation/BuildController;)V+34
j  org.gradle.tooling.internal.provider.ValidatingBuildActionRunner.run(Lorg/gradle/internal/invocation/BuildAction;Lorg/gradle/internal/invocation/BuildController;)V+6
j  org.gradle.launcher.exec.RunAsBuildOperationBuildActionRunner$1.run(Lorg/gradle/internal/operations/BuildOperationContext;)V+15
j  org.gradle.internal.progress.DefaultBuildOperationExecutor$RunnableBuildOperationWorker.execute(Lorg/gradle/internal/operations/RunnableBuildOperation;Lorg/gradle/internal/operations/BuildOperationContext;)V+2
j  org.gradle.internal.progress.DefaultBuildOperationExecutor$RunnableBuildOperationWorker.execute(Lorg/gradle/internal/operations/BuildOperation;Lorg/gradle/internal/operations/BuildOperationContext;)V+6
j  org.gradle.internal.progress.DefaultBuildOperationExecutor.execute(Lorg/gradle/internal/operations/BuildOperation;Lorg/gradle/internal/operations/BuildOperationWorker;Lorg/gradle/internal/progress/DefaultBuildOperationExecutor$DefaultBuildOperationState;)V+177
j  org.gradle.internal.progress.DefaultBuildOperationExecutor.run(Lorg/gradle/internal/operations/RunnableBuildOperation;)V+20
j  org.gradle.launcher.exec.RunAsBuildOperationBuildActionRunner.run(Lorg/gradle/internal/invocation/BuildAction;Lorg/gradle/internal/invocation/BuildController;)V+34
j  org.gradle.tooling.internal.provider.SubscribableBuildActionRunner.run(Lorg/gradle/internal/invocation/BuildAction;Lorg/gradle/internal/invocation/BuildController;)V+40
j  org.gradle.launcher.exec.InProcessBuildActionExecuter.execute(Lorg/gradle/internal/invocation/BuildAction;Lorg/gradle/initialization/BuildRequestContext;Lorg/gradle/launcher/exec/BuildActionParameters;Lorg/gradle/internal/service/ServiceRegistry;)Ljava/lang/Object;+71
j  org.gradle.launcher.exec.InProcessBuildActionExecuter.execute(Lorg/gradle/internal/invocation/BuildAction;Lorg/gradle/initialization/BuildRequestContext;Ljava/lang/Object;Lorg/gradle/internal/service/ServiceRegistry;)Ljava/lang/Object;+9
j  org.gradle.launcher.exec.BuildTreeScopeBuildActionExecuter.execute(Lorg/gradle/internal/invocation/BuildAction;Lorg/gradle/initialization/BuildRequestContext;Lorg/gradle/launcher/exec/BuildActionParameters;Lorg/gradle/internal/service/ServiceRegistry;)Ljava/lang/Object;+41
j  org.gradle.launcher.exec.BuildTreeScopeBuildActionExecuter.execute(Lorg/gradle/internal/invocation/BuildAction;Lorg/gradle/initialization/BuildRequestContext;Ljava/lang/Object;Lorg/gradle/internal/service/ServiceRegistry;)Ljava/lang/Object;+9
j  org.gradle.tooling.internal.provider.ContinuousBuildActionExecuter.execute(Lorg/gradle/internal/invocation/BuildAction;Lorg/gradle/initialization/BuildRequestContext;Lorg/gradle/launcher/exec/BuildActionParameters;Lorg/gradle/internal/service/ServiceRegistry;)Ljava/lang/Object;+28
j  org.gradle.tooling.internal.provider.ContinuousBuildActionExecuter.execute(Lorg/gradle/internal/invocation/BuildAction;Lorg/gradle/initialization/BuildRequestContext;Ljava/lang/Object;Lorg/gradle/internal/service/ServiceRegistry;)Ljava/lang/Object;+9
j  org.gradle.tooling.internal.provider.ServicesSetupBuildActionExecuter.execute(Lorg/gradle/internal/invocation/BuildAction;Lorg/gradle/initialization/BuildRequestContext;Lorg/gradle/launcher/exec/BuildActionParameters;Lorg/gradle/internal/service/ServiceRegistry;)Ljava/lang/Object;+85
j  org.gradle.tooling.internal.provider.ServicesSetupBuildActionExecuter.execute(Lorg/gradle/internal/invocation/BuildAction;Lorg/gradle/initialization/BuildRequestContext;Ljava/lang/Object;Lorg/gradle/internal/service/ServiceRegistry;)Ljava/lang/Object;+9
j  org.gradle.tooling.internal.provider.GradleThreadBuildActionExecuter.execute(Lorg/gradle/internal/invocation/BuildAction;Lorg/gradle/initialization/BuildRequestContext;Lorg/gradle/launcher/exec/BuildActionParameters;Lorg/gradle/internal/service/ServiceRegistry;)Ljava/lang/Object;+12
j  org.gradle.tooling.internal.provider.GradleThreadBuildActionExecuter.execute(Lorg/gradle/internal/invocation/BuildAction;Lorg/gradle/initialization/BuildRequestContext;Ljava/lang/Object;Lorg/gradle/internal/service/ServiceRegistry;)Ljava/lang/Object;+9
j  org.gradle.tooling.internal.provider.ParallelismConfigurationBuildActionExecuter.execute(Lorg/gradle/internal/invocation/BuildAction;Lorg/gradle/initialization/BuildRequestContext;Lorg/gradle/launcher/exec/BuildActionParameters;Lorg/gradle/internal/service/ServiceRegistry;)Ljava/lang/Object;+43
j  org.gradle.tooling.internal.provider.ParallelismConfigurationBuildActionExecuter.execute(Lorg/gradle/internal/invocation/BuildAction;Lorg/gradle/initialization/BuildRequestContext;Ljava/lang/Object;Lorg/gradle/internal/service/ServiceRegistry;)Ljava/lang/Object;+9
j  org.gradle.tooling.internal.provider.StartParamsValidatingActionExecuter.execute(Lorg/gradle/internal/invocation/BuildAction;Lorg/gradle/initialization/BuildRequestContext;Lorg/gradle/launcher/exec/BuildActionParameters;Lorg/gradle/internal/service/ServiceRegistry;)Ljava/lang/Object;+257
j  org.gradle.tooling.internal.provider.StartParamsValidatingActionExecuter.execute(Lorg/gradle/internal/invocation/BuildAction;Lorg/gradle/initialization/BuildRequestContext;Ljava/lang/Object;Lorg/gradle/internal/service/ServiceRegistry;)Ljava/lang/Object;+9
j  org.gradle.tooling.internal.provider.SessionFailureReportingActionExecuter.execute(Lorg/gradle/internal/invocation/BuildAction;Lorg/gradle/initialization/BuildRequestContext;Lorg/gradle/launcher/exec/BuildActionParameters;Lorg/gradle/internal/service/ServiceRegistry;)Ljava/lang/Object;+9
j  org.gradle.tooling.internal.provider.SessionFailureReportingActionExecuter.execute(Lorg/gradle/internal/invocation/BuildAction;Lorg/gradle/initialization/BuildRequestContext;Ljava/lang/Object;Lorg/gradle/internal/service/ServiceRegistry;)Ljava/lang/Object;+9
j  org.gradle.tooling.internal.provider.SetupLoggingActionExecuter.execute(Lorg/gradle/internal/invocation/BuildAction;Lorg/gradle/initialization/BuildRequestContext;Lorg/gradle/launcher/exec/BuildActionParameters;Lorg/gradle/internal/service/ServiceRegistry;)Ljava/lang/Object;+69
j  org.gradle.tooling.internal.provider.SetupLoggingActionExecuter.execute(Lorg/gradle/internal/invocation/BuildAction;Lorg/gradle/initialization/BuildRequestContext;Ljava/lang/Object;Lorg/gradle/internal/service/ServiceRegistry;)Ljava/lang/Object;+9
j  org.gradle.launcher.daemon.server.exec.ExecuteBuild.doBuild(Lorg/gradle/launcher/daemon/server/api/DaemonCommandExecution;Lorg/gradle/launcher/daemon/protocol/Build;)V+114
j  org.gradle.launcher.daemon.server.exec.BuildCommandOnly.execute(Lorg/gradle/launcher/daemon/server/api/DaemonCommandExecution;)V+49
j  org.gradle.launcher.daemon.server.api.DaemonCommandExecution.proceed()Z+28
j  org.gradle.launcher.daemon.server.exec.WatchForDisconnection.execute(Lorg/gradle/launcher/daemon/server/api/DaemonCommandExecution;)V+19
j  org.gradle.launcher.daemon.server.api.DaemonCommandExecution.proceed()Z+28
j  org.gradle.launcher.daemon.server.exec.ResetDeprecationLogger.execute(Lorg/gradle/launcher/daemon/server/api/DaemonCommandExecution;)V+4
j  org.gradle.launcher.daemon.server.api.DaemonCommandExecution.proceed()Z+28
j  org.gradle.launcher.daemon.server.exec.RequestStopIfSingleUsedDaemon.execute(Lorg/gradle/launcher/daemon/server/api/DaemonCommandExecution;)V+33
j  org.gradle.launcher.daemon.server.api.DaemonCommandExecution.proceed()Z+28
j  org.gradle.launcher.daemon.server.exec.ForwardClientInput$2.call()Ljava/lang/Void;+4
j  org.gradle.launcher.daemon.server.exec.ForwardClientInput$2.call()Ljava/lang/Object;+1
j  org.gradle.util.Swapper.swap(Ljava/lang/Object;Ljava/util/concurrent/Callable;)Ljava/lang/Object;+21
j  org.gradle.launcher.daemon.server.exec.ForwardClientInput.execute(Lorg/gradle/launcher/daemon/server/api/DaemonCommandExecution;)V+63
j  org.gradle.launcher.daemon.server.api.DaemonCommandExecution.proceed()Z+28
j  org.gradle.launcher.daemon.server.exec.LogAndCheckHealth.execute(Lorg/gradle/launcher/daemon/server/api/DaemonCommandExecution;)V+28
j  org.gradle.launcher.daemon.server.api.DaemonCommandExecution.proceed()Z+28
j  org.gradle.launcher.daemon.server.exec.LogToClient.doBuild(Lorg/gradle/launcher/daemon/server/api/DaemonCommandExecution;Lorg/gradle/launcher/daemon/protocol/Build;)V+87
j  org.gradle.launcher.daemon.server.exec.BuildCommandOnly.execute(Lorg/gradle/launcher/daemon/server/api/DaemonCommandExecution;)V+49
j  org.gradle.launcher.daemon.server.api.DaemonCommandExecution.proceed()Z+28
j  org.gradle.launcher.daemon.server.exec.EstablishBuildEnvironment.doBuild(Lorg/gradle/launcher/daemon/server/api/DaemonCommandExecution;Lorg/gradle/launcher/daemon/protocol/Build;)V+365
j  org.gradle.launcher.daemon.server.exec.BuildCommandOnly.execute(Lorg/gradle/launcher/daemon/server/api/DaemonCommandExecution;)V+49
j  org.gradle.launcher.daemon.server.api.DaemonCommandExecution.proceed()Z+28
j  org.gradle.launcher.daemon.server.exec.StartBuildOrRespondWithBusy$1.run()V+44
j  org.gradle.launcher.daemon.server.DaemonStateCoordinator$1.run()V+4
j  org.gradle.internal.concurrent.ExecutorPolicy$CatchAndRecordFailures.onExecute(Ljava/lang/Runnable;)V+1
j  org.gradle.internal.concurrent.ManagedExecutorImpl$1.run()V+25
j  java.util.concurrent.ThreadPoolExecutor.runWorker(Ljava/util/concurrent/ThreadPoolExecutor$Worker;)V+95
j  java.util.concurrent.ThreadPoolExecutor$Worker.run()V+5
j  org.gradle.internal.concurrent.ThreadFactoryImpl$ManagedThreadRunnable.run()V+7
j  java.lang.Thread.run()V+11
v  ~StubRoutines::call_stub

---------------  P R O C E S S  ---------------

Java Threads: ( => current thread )
  0x0000000021faf000 JavaThread "Memory manager" [_thread_blocked, id=1528, stack(0x0000000023790000,0x0000000023890000)]
  0x0000000021fb6000 JavaThread "pool-1-thread-1" [_thread_blocked, id=12904, stack(0x0000000023490000,0x0000000023590000)]
  0x0000000021fb3800 JavaThread "build operations Thread 8" [_thread_blocked, id=9296, stack(0x0000000022f90000,0x0000000023090000)]
  0x0000000021fb2000 JavaThread "build operations Thread 7" [_thread_blocked, id=1008, stack(0x0000000022e90000,0x0000000022f90000)]
  0x0000000021fb1800 JavaThread "build operations Thread 6" [_thread_blocked, id=11220, stack(0x0000000022d90000,0x0000000022e90000)]
  0x0000000021fb0800 JavaThread "build operations Thread 5" [_thread_blocked, id=8968, stack(0x0000000022c90000,0x0000000022d90000)]
  0x0000000021fb0000 JavaThread "build operations Thread 4" [_thread_blocked, id=8432, stack(0x0000000022980000,0x0000000022a80000)]
  0x0000000021fb5800 JavaThread "build operations Thread 3" [_thread_blocked, id=11292, stack(0x0000000022880000,0x0000000022980000)]
  0x0000000021fb4800 JavaThread "build operations Thread 2" [_thread_blocked, id=10056, stack(0x0000000022780000,0x0000000022880000)]
  0x000000001903d800 JavaThread "build operations" [_thread_blocked, id=10692, stack(0x0000000022680000,0x0000000022780000)]
  0x000000001903f800 JavaThread "Cache worker for Artifact transforms cache (C:\Users\Anakinliu\.gradle\caches\transforms-1)" [_thread_blocked, id=12364, stack(0x000000001fa80000,0x000000001fb80000)]
  0x000000001b01b800 JavaThread "Cache worker for file hash cache (F:\Android\GeoQuiz3\.gradle\4.1\fileHashes)" [_thread_blocked, id=10388, stack(0x000000001d6b0000,0x000000001d7b0000)]
  0x000000001b6fc000 JavaThread "File lock request listener" [_thread_in_native, id=5048, stack(0x000000001d5b0000,0x000000001d6b0000)]
  0x000000001b02a000 JavaThread "Cache worker for file hash cache (C:\Users\Anakinliu\.gradle\caches\4.1\fileHashes)" [_thread_blocked, id=10468, stack(0x000000001d2b0000,0x000000001d3b0000)]
  0x000000001b197800 JavaThread "Stdin handler" [_thread_blocked, id=6036, stack(0x000000001d0b0000,0x000000001d1b0000)]
  0x000000001b193000 JavaThread "Asynchronous log dispatcher for DefaultDaemonConnection: socket connection from /127.0.0.1:54675 to /127.0.0.1:54676" [_thread_blocked, id=13168, stack(0x000000001cfb0000,0x000000001d0b0000)]
=>0x000000001b19c800 JavaThread "Daemon worker" [_thread_in_vm, id=11828, stack(0x000000001ceb0000,0x000000001cfb0000)]
  0x000000001b19b800 JavaThread "Cancel handler" [_thread_blocked, id=13816, stack(0x000000001cdb0000,0x000000001ceb0000)]
  0x000000001b180000 JavaThread "Handler for socket connection from /127.0.0.1:54675 to /127.0.0.1:54676" [_thread_in_native, id=13508, stack(0x000000001cab0000,0x000000001cbb0000)]
  0x000000001a99a800 JavaThread "Daemon" [_thread_blocked, id=6124, stack(0x000000001c9b0000,0x000000001cab0000)]
  0x000000001b30c000 JavaThread "Daemon periodic checks" [_thread_blocked, id=1708, stack(0x000000001c8b0000,0x000000001c9b0000)]
  0x000000001b1d7000 JavaThread "Incoming local TCP Connector on port 54675" [_thread_in_native, id=13604, stack(0x000000001b4d0000,0x000000001b5d0000)]
  0x00000000190ca800 JavaThread "Service Thread" daemon [_thread_blocked, id=9368, stack(0x0000000019aa0000,0x0000000019ba0000)]
  0x000000001903b000 JavaThread "C1 CompilerThread3" daemon [_thread_blocked, id=12812, stack(0x00000000199a0000,0x0000000019aa0000)]
  0x0000000019034000 JavaThread "C2 CompilerThread2" daemon [_thread_in_native, id=6492, stack(0x00000000198a0000,0x00000000199a0000)]
  0x00000000170dd000 JavaThread "C2 CompilerThread1" daemon [_thread_in_native, id=1612, stack(0x00000000197a0000,0x00000000198a0000)]
  0x00000000170da000 JavaThread "C2 CompilerThread0" daemon [_thread_in_native, id=6352, stack(0x00000000196a0000,0x00000000197a0000)]
  0x0000000018fdc800 JavaThread "Attach Listener" daemon [_thread_blocked, id=9516, stack(0x00000000195a0000,0x00000000196a0000)]
  0x0000000019030000 JavaThread "Signal Dispatcher" daemon [_thread_blocked, id=9616, stack(0x00000000194a0000,0x00000000195a0000)]
  0x000000000325e000 JavaThread "Finalizer" daemon [_thread_blocked, id=11100, stack(0x00000000193a0000,0x00000000194a0000)]
  0x0000000003255000 JavaThread "Reference Handler" daemon [_thread_blocked, id=1284, stack(0x0000000018ea0000,0x0000000018fa0000)]
  0x000000000330e800 JavaThread "main" [_thread_blocked, id=7436, stack(0x0000000002ce0000,0x0000000002de0000)]

Other Threads:
  0x00000000170c5800 VMThread [stack: 0x0000000018da0000,0x0000000018ea0000] [id=6128]
  0x00000000190cb800 WatcherThread [stack: 0x0000000019ba0000,0x0000000019ca0000] [id=5000]

VM state:not at safepoint (normal execution)

VM Mutex/Monitor currently owned by a thread: None

Heap:
 PSYoungGen      total 197120K, used 57855K [0x00000000e0000000, 0x00000000f1c00000, 0x0000000100000000)
  eden space 183808K, 24% used [0x00000000e0000000,0x00000000e2b85720,0x00000000eb380000)
  from space 13312K, 99% used [0x00000000eb380000,0x00000000ec07a500,0x00000000ec080000)
  to   space 16896K, 0% used [0x00000000f0b80000,0x00000000f0b80000,0x00000000f1c00000)
 ParOldGen       total 148480K, used 20077K [0x00000000a0000000, 0x00000000a9100000, 0x00000000e0000000)
  object space 148480K, 13% used [0x00000000a0000000,0x00000000a139b408,0x00000000a9100000)
 Metaspace       used 50817K, capacity 52386K, committed 52480K, reserved 1093632K
  class space    used 6866K, capacity 7335K, committed 7424K, reserved 1048576K

Card table byte_map: [0x00000000126d0000,0x00000000129e0000] byte_map_base: 0x00000000121d0000

Marking Bits: (ParMarkBitMap*) 0x000000005c5e3950
 Begin Bits: [0x00000000133e0000, 0x0000000014be0000)
 End Bits:   [0x0000000014be0000, 0x00000000163e0000)

Polling page: 0x00000000014e0000

CodeCache: size=245760Kb used=18398Kb max_used=18398Kb free=227361Kb
 bounds [0x0000000003310000, 0x0000000004520000, 0x0000000012310000]
 total_blobs=6028 nmethods=5275 adapters=665
 compilation: enabled

Compilation events (10 events):
Event: 7.417 Thread 0x000000001903b000 5819       3       java.lang.invoke.TypeConvertingMethodAdapter::convertType (299 bytes)
Event: 7.426 Thread 0x000000001903b000 nmethod 5819 0x00000000044fc550 code [0x00000000044fd2e0, 0x0000000004508b98]
Event: 7.426 Thread 0x000000001903b000 5820       3       org.gradle.api.internal.tasks.AbstractTaskPropertyBuilder::setPropertyName (141 bytes)
Event: 7.428 Thread 0x000000001903b000 nmethod 5820 0x0000000004511550 code [0x0000000004511920, 0x0000000004513ba8]
Event: 7.428 Thread 0x000000001903b000 5821       1       org.gradle.api.internal.project.taskfactory.DefaultTaskClassValidatorExtractor$DefaultTaskPropertyActionContext::isOptional (5 bytes)
Event: 7.428 Thread 0x000000001903b000 nmethod 5821 0x00000000044ed290 code [0x00000000044ed3e0, 0x00000000044ed4f0]
Event: 7.431 Thread 0x000000001903b000 5822       3       org.gradle.api.internal.project.taskfactory.DefaultTaskClassValidatorExtractor$DefaultTaskPropertyActionContext::setConfigureAction (6 bytes)
Event: 7.432 Thread 0x000000001903b000 nmethod 5822 0x00000000044eced0 code [0x00000000044ed020, 0x00000000044ed190]
Event: 7.432 Thread 0x000000001903b000 5823       3       com.google.common.collect.ImmutableSortedSet$Builder::add (6 bytes)
Event: 7.432 Thread 0x000000001903b000 nmethod 5823 0x0000000004515050 code [0x00000000045151c0, 0x0000000004515488]

GC Heap History (10 events):
Event: 3.300 GC heap before
{Heap before GC invocations=5 (full 1):
 PSYoungGen      total 76288K, used 65536K [0x00000000e0000000, 0x00000000e9500000, 0x0000000100000000)
  eden space 65536K, 100% used [0x00000000e0000000,0x00000000e4000000,0x00000000e4000000)
  from space 10752K, 0% used [0x00000000e4000000,0x00000000e4000000,0x00000000e4a80000)
  to   space 10752K, 0% used [0x00000000e8a80000,0x00000000e8a80000,0x00000000e9500000)
 ParOldGen       total 92672K, used 6706K [0x00000000a0000000, 0x00000000a5a80000, 0x00000000e0000000)
  object space 92672K, 7% used [0x00000000a0000000,0x00000000a068ca70,0x00000000a5a80000)
 Metaspace       used 25643K, capacity 26106K, committed 26368K, reserved 1071104K
  class space    used 3541K, capacity 3714K, committed 3840K, reserved 1048576K
Event: 3.307 GC heap after
Heap after GC invocations=5 (full 1):
 PSYoungGen      total 118272K, used 7097K [0x00000000e0000000, 0x00000000e9180000, 0x0000000100000000)
  eden space 111104K, 0% used [0x00000000e0000000,0x00000000e0000000,0x00000000e6c80000)
  from space 7168K, 99% used [0x00000000e8a80000,0x00000000e916e530,0x00000000e9180000)
  to   space 10752K, 0% used [0x00000000e7c80000,0x00000000e7c80000,0x00000000e8700000)
 ParOldGen       total 92672K, used 6714K [0x00000000a0000000, 0x00000000a5a80000, 0x00000000e0000000)
  object space 92672K, 7% used [0x00000000a0000000,0x00000000a068ea70,0x00000000a5a80000)
 Metaspace       used 25643K, capacity 26106K, committed 26368K, reserved 1071104K
  class space    used 3541K, capacity 3714K, committed 3840K, reserved 1048576K
}
Event: 4.526 GC heap before
{Heap before GC invocations=6 (full 1):
 PSYoungGen      total 118272K, used 118201K [0x00000000e0000000, 0x00000000e9180000, 0x0000000100000000)
  eden space 111104K, 100% used [0x00000000e0000000,0x00000000e6c80000,0x00000000e6c80000)
  from space 7168K, 99% used [0x00000000e8a80000,0x00000000e916e530,0x00000000e9180000)
  to   space 10752K, 0% used [0x00000000e7c80000,0x00000000e7c80000,0x00000000e8700000)
 ParOldGen       total 92672K, used 6714K [0x00000000a0000000, 0x00000000a5a80000, 0x00000000e0000000)
  object space 92672K, 7% used [0x00000000a0000000,0x00000000a068ea70,0x00000000a5a80000)
 Metaspace       used 31551K, capacity 32266K, committed 32640K, reserved 1077248K
  class space    used 4333K, capacity 4616K, committed 4736K, reserved 1048576K
Event: 4.534 GC heap after
Heap after GC invocations=6 (full 1):
 PSYoungGen      total 138240K, used 10286K [0x00000000e0000000, 0x00000000ece00000, 0x0000000100000000)
  eden space 127488K, 0% used [0x00000000e0000000,0x00000000e0000000,0x00000000e7c80000)
  from space 10752K, 95% used [0x00000000e7c80000,0x00000000e868ba78,0x00000000e8700000)
  to   space 13824K, 0% used [0x00000000ec080000,0x00000000ec080000,0x00000000ece00000)
 ParOldGen       total 92672K, used 6722K [0x00000000a0000000, 0x00000000a5a80000, 0x00000000e0000000)
  object space 92672K, 7% used [0x00000000a0000000,0x00000000a0690a70,0x00000000a5a80000)
 Metaspace       used 31551K, capacity 32266K, committed 32640K, reserved 1077248K
  class space    used 4333K, capacity 4616K, committed 4736K, reserved 1048576K
}
Event: 5.034 GC heap before
{Heap before GC invocations=7 (full 1):
 PSYoungGen      total 138240K, used 38068K [0x00000000e0000000, 0x00000000ece00000, 0x0000000100000000)
  eden space 127488K, 21% used [0x00000000e0000000,0x00000000e1b21960,0x00000000e7c80000)
  from space 10752K, 95% used [0x00000000e7c80000,0x00000000e868ba78,0x00000000e8700000)
  to   space 13824K, 0% used [0x00000000ec080000,0x00000000ec080000,0x00000000ece00000)
 ParOldGen       total 92672K, used 6722K [0x00000000a0000000, 0x00000000a5a80000, 0x00000000e0000000)
  object space 92672K, 7% used [0x00000000a0000000,0x00000000a0690a70,0x00000000a5a80000)
 Metaspace       used 34505K, capacity 35272K, committed 35416K, reserved 1079296K
  class space    used 4713K, capacity 5006K, committed 5120K, reserved 1048576K
Event: 5.040 GC heap after
Heap after GC invocations=7 (full 1):
 PSYoungGen      total 197632K, used 10130K [0x00000000e0000000, 0x00000000ee400000, 0x0000000100000000)
  eden space 183808K, 0% used [0x00000000e0000000,0x00000000e0000000,0x00000000eb380000)
  from space 13824K, 73% used [0x00000000ec080000,0x00000000eca648b0,0x00000000ece00000)
  to   space 13312K, 0% used [0x00000000eb380000,0x00000000eb380000,0x00000000ec080000)
 ParOldGen       total 92672K, used 6794K [0x00000000a0000000, 0x00000000a5a80000, 0x00000000e0000000)
  object space 92672K, 7% used [0x00000000a0000000,0x00000000a06a2a80,0x00000000a5a80000)
 Metaspace       used 34505K, capacity 35272K, committed 35416K, reserved 1079296K
  class space    used 4713K, capacity 5006K, committed 5120K, reserved 1048576K
}
Event: 5.040 GC heap before
{Heap before GC invocations=8 (full 2):
 PSYoungGen      total 197632K, used 10130K [0x00000000e0000000, 0x00000000ee400000, 0x0000000100000000)
  eden space 183808K, 0% used [0x00000000e0000000,0x00000000e0000000,0x00000000eb380000)
  from space 13824K, 73% used [0x00000000ec080000,0x00000000eca648b0,0x00000000ece00000)
  to   space 13312K, 0% used [0x00000000eb380000,0x00000000eb380000,0x00000000ec080000)
 ParOldGen       total 92672K, used 6794K [0x00000000a0000000, 0x00000000a5a80000, 0x00000000e0000000)
  object space 92672K, 7% used [0x00000000a0000000,0x00000000a06a2a80,0x00000000a5a80000)
 Metaspace       used 34505K, capacity 35272K, committed 35416K, reserved 1079296K
  class space    used 4713K, capacity 5006K, committed 5120K, reserved 1048576K
Event: 5.129 GC heap after
Heap after GC invocations=8 (full 2):
 PSYoungGen      total 197632K, used 0K [0x00000000e0000000, 0x00000000ee400000, 0x0000000100000000)
  eden space 183808K, 0% used [0x00000000e0000000,0x00000000e0000000,0x00000000eb380000)
  from space 13824K, 0% used [0x00000000ec080000,0x00000000ec080000,0x00000000ece00000)
  to   space 13312K, 0% used [0x00000000eb380000,0x00000000eb380000,0x00000000ec080000)
 ParOldGen       total 148480K, used 16401K [0x00000000a0000000, 0x00000000a9100000, 0x00000000e0000000)
  object space 148480K, 11% used [0x00000000a0000000,0x00000000a10044a0,0x00000000a9100000)
 Metaspace       used 34505K, capacity 35272K, committed 35416K, reserved 1079296K
  class space    used 4713K, capacity 5006K, committed 5120K, reserved 1048576K
}
Event: 6.983 GC heap before
{Heap before GC invocations=9 (full 2):
 PSYoungGen      total 197632K, used 183808K [0x00000000e0000000, 0x00000000ee400000, 0x0000000100000000)
  eden space 183808K, 100% used [0x00000000e0000000,0x00000000eb380000,0x00000000eb380000)
  from space 13824K, 0% used [0x00000000ec080000,0x00000000ec080000,0x00000000ece00000)
  to   space 13312K, 0% used [0x00000000eb380000,0x00000000eb380000,0x00000000ec080000)
 ParOldGen       total 148480K, used 16401K [0x00000000a0000000, 0x00000000a9100000, 0x00000000e0000000)
  object space 148480K, 11% used [0x00000000a0000000,0x00000000a10044a0,0x00000000a9100000)
 Metaspace       used 47187K, capacity 48366K, committed 48512K, reserved 1091584K
  class space    used 6334K, capacity 6713K, committed 6784K, reserved 1048576K
Event: 6.994 GC heap after
Heap after GC invocations=9 (full 2):
 PSYoungGen      total 197120K, used 13289K [0x00000000e0000000, 0x00000000f1c00000, 0x0000000100000000)
  eden space 183808K, 0% used [0x00000000e0000000,0x00000000e0000000,0x00000000eb380000)
  from space 13312K, 99% used [0x00000000eb380000,0x00000000ec07a500,0x00000000ec080000)
  to   space 16896K, 0% used [0x00000000f0b80000,0x00000000f0b80000,0x00000000f1c00000)
 ParOldGen       total 148480K, used 20077K [0x00000000a0000000, 0x00000000a9100000, 0x00000000e0000000)
  object space 148480K, 13% used [0x00000000a0000000,0x00000000a139b408,0x00000000a9100000)
 Metaspace       used 47187K, capacity 48366K, committed 48512K, reserved 1091584K
  class space    used 6334K, capacity 6713K, committed 6784K, reserved 1048576K
}

Deoptimization events (10 events):
Event: 6.695 Thread 0x000000001b19c800 Uncommon trap: reason=class_check action=maybe_recompile pc=0x00000000042c38cc method=com.sun.org.apache.xerces.internal.impl.XMLDocumentFragmentScannerImpl$FragmentContentDriver.next()I @ 1410
Event: 6.703 Thread 0x000000001b19c800 Uncommon trap: reason=class_check action=maybe_recompile pc=0x00000000042c38cc method=com.sun.org.apache.xerces.internal.impl.XMLDocumentFragmentScannerImpl$FragmentContentDriver.next()I @ 1410
Event: 6.707 Thread 0x000000001b19c800 Uncommon trap: reason=class_check action=maybe_recompile pc=0x00000000042c38cc method=com.sun.org.apache.xerces.internal.impl.XMLDocumentFragmentScannerImpl$FragmentContentDriver.next()I @ 1410
Event: 6.997 Thread 0x000000000325e000 Uncommon trap: reason=unstable_if action=reinterpret pc=0x0000000003764b94 method=java.util.WeakHashMap.expungeStaleEntries()V @ 9
Event: 7.048 Thread 0x000000001b19c800 Uncommon trap: reason=unstable_if action=reinterpret pc=0x00000000043b63c0 method=java.util.regex.Pattern.compile()V @ 320
Event: 7.168 Thread 0x000000001b19c800 Uncommon trap: reason=unstable_if action=reinterpret pc=0x0000000003bb7b84 method=org.objectweb.asm.ByteVector.putUTF8(Ljava/lang/String;)Lorg/objectweb/asm/ByteVector; @ 91
Event: 7.205 Thread 0x000000001b19c800 Uncommon trap: reason=unstable_if action=reinterpret pc=0x0000000003a944f4 method=java.lang.String.lastIndexOf([CII[CIII)I @ 118
Event: 7.241 Thread 0x000000001b19c800 Uncommon trap: reason=unstable_if action=reinterpret pc=0x0000000003e417f0 method=java.io.WinNTFileSystem.normalizePrefix(Ljava/lang/String;ILjava/lang/StringBuffer;)I @ 62
Event: 7.298 Thread 0x000000001b19c800 Uncommon trap: reason=unstable_if action=reinterpret pc=0x00000000042ad228 method=java.util.regex.Pattern$GroupTail.match(Ljava/util/regex/Matcher;ILjava/lang/CharSequence;)Z @ 73
Event: 7.393 Thread 0x000000001b19c800 Uncommon trap: reason=unstable_if action=reinterpret pc=0x00000000042b7ca0 method=java.util.regex.Pattern$LastNode.match(Ljava/util/regex/Matcher;ILjava/lang/CharSequence;)Z @ 13

Classes redefined (0 events):
No events

Internal exceptions (10 events):
Event: 6.970 Thread 0x000000001b19c800 Exception <a 'sun/nio/fs/WindowsException'> (0x00000000eb0b8710) thrown at [D:\src\AOSP-openjdk-cygwin\jdk8u\hotspot\src\share\vm\prims\jni.cpp, line 709]
Event: 7.035 Thread 0x000000001b19c800 Exception <a 'java/lang/NoSuchMethodError': java.lang.Object.lambda$comparing$77a9974f$1(Ljava/util/function/Function;Ljava/lang/Object;Ljava/lang/Object;)I> (0x00000000e090e0c8) thrown at [D:\src\AOSP-openjdk-cygwin\jdk8u\hotspot\src\share\vm\interpreter
Event: 7.036 Thread 0x000000001b19c800 Exception <a 'java/lang/NoSuchMethodError': java.lang.Object.lambda$thenComparing$36697e65$1(Ljava/util/Comparator;Ljava/lang/Object;Ljava/lang/Object;)I> (0x00000000e0919748) thrown at [D:\src\AOSP-openjdk-cygwin\jdk8u\hotspot\src\share\vm\interpreter\li
Event: 7.052 Thread 0x000000001b19c800 Exception <a 'java/lang/NoSuchMethodError': java.lang.Object.lambda$maxBy$1(Ljava/util/Comparator;Ljava/lang/Object;Ljava/lang/Object;)Ljava/lang/Object;> (0x00000000e0a57d08) thrown at [D:\src\AOSP-openjdk-cygwin\jdk8u\hotspot\src\share\vm\interpreter\li
Event: 7.065 Thread 0x000000001b19c800 Exception <a 'sun/nio/fs/WindowsException'> (0x00000000e0b36868) thrown at [D:\src\AOSP-openjdk-cygwin\jdk8u\hotspot\src\share\vm\prims\jni.cpp, line 709]
Event: 7.127 Thread 0x000000001b19c800 Exception <a 'java/lang/ClassNotFoundException': org/gradle/api/plugins/BasePluginConventionBeanInfo> (0x00000000e109d428) thrown at [D:\src\AOSP-openjdk-cygwin\jdk8u\hotspot\src\share\vm\classfile\systemDictionary.cpp, line 210]
Event: 7.127 Thread 0x000000001b19c800 Exception <a 'java/lang/ClassNotFoundException': org/gradle/api/plugins/BasePluginConventionCustomizer> (0x00000000e10bcd28) thrown at [D:\src\AOSP-openjdk-cygwin\jdk8u\hotspot\src\share\vm\classfile\systemDictionary.cpp, line 210]
Event: 7.434 Thread 0x000000001b19c800 Exception <a 'java/lang/NoSuchMethodError': java.lang.Object.lambda$static$0(Ljava/util/Set;Ljava/util/Set;)Z> (0x00000000e2a3d950) thrown at [D:\src\AOSP-openjdk-cygwin\jdk8u\hotspot\src\share\vm\interpreter\linkResolver.cpp, line 584]
Event: 7.434 Thread 0x000000001b19c800 Exception <a 'java/lang/NoSuchMethodError': java.lang.Object.lambda$static$1(Ljava/util/Set;Ljava/util/Set;)Z> (0x00000000e2a406d8) thrown at [D:\src\AOSP-openjdk-cygwin\jdk8u\hotspot\src\share\vm\interpreter\linkResolver.cpp, line 584]
Event: 7.434 Thread 0x000000001b19c800 Exception <a 'java/lang/NoSuchMethodError': java.lang.Object.lambda$static$2(Ljava/util/Set;Ljava/util/Set;)Z> (0x00000000e2a43030) thrown at [D:\src\AOSP-openjdk-cygwin\jdk8u\hotspot\src\share\vm\interpreter\linkResolver.cpp, line 584]

Events (10 events):
Event: 7.435 loading class org/gradle/api/internal/file/CompositeFileCollection$3
Event: 7.435 loading class org/gradle/api/internal/file/CompositeFileCollection$3 done
Event: 7.435 loading class com/android/build/gradle/internal/TaskFactory
Event: 7.435 loading class com/android/build/gradle/internal/TaskFactory done
Event: 7.435 loading class com/android/build/gradle/internal/TaskFactory
Event: 7.435 loading class com/android/build/gradle/internal/TaskFactory done
Event: 7.436 loading class com/android/build/gradle/internal/tasks/ValidateSigningTask$ConfigAction
Event: 7.436 loading class com/android/build/gradle/internal/tasks/ValidateSigningTask$ConfigAction done
Event: 7.436 loading class com/android/build/gradle/internal/tasks/ValidateSigningTask
Event: 7.436 loading class com/android/build/gradle/internal/tasks/ValidateSigningTask done


Dynamic libraries:
0x00007ff6e9660000 - 0x00007ff6e9691000 	C:\Program Files\Android\Android Studio\jre\bin\java.exe
0x00007ffb354e0000 - 0x00007ffb356c1000 	C:\WINDOWS\SYSTEM32\ntdll.dll
0x00007ffb34f40000 - 0x00007ffb34ff1000 	C:\WINDOWS\System32\KERNEL32.DLL
0x00007ffb31e80000 - 0x00007ffb320ec000 	C:\WINDOWS\System32\KERNELBASE.dll
0x00007ffb34db0000 - 0x00007ffb34e51000 	C:\WINDOWS\System32\ADVAPI32.dll
0x00007ffb32980000 - 0x00007ffb32a1e000 	C:\WINDOWS\System32\msvcrt.dll
0x00007ffb34700000 - 0x00007ffb3475b000 	C:\WINDOWS\System32\sechost.dll
0x00007ffb34760000 - 0x00007ffb34884000 	C:\WINDOWS\System32\RPCRT4.dll
0x00007ffb32bc0000 - 0x00007ffb32d50000 	C:\WINDOWS\System32\USER32.dll
0x00007ffb31c70000 - 0x00007ffb31c90000 	C:\WINDOWS\System32\win32u.dll
0x00007ffb34890000 - 0x00007ffb348b8000 	C:\WINDOWS\System32\GDI32.dll
0x00007ffb31940000 - 0x00007ffb31ac9000 	C:\WINDOWS\System32\gdi32full.dll
0x00007ffb31bd0000 - 0x00007ffb31c6f000 	C:\WINDOWS\System32\msvcp_win.dll
0x00007ffb31ad0000 - 0x00007ffb31bca000 	C:\WINDOWS\System32\ucrtbase.dll
0x00007ffb22a80000 - 0x00007ffb22ce9000 	C:\WINDOWS\WinSxS\amd64_microsoft.windows.common-controls_6595b64144ccf1df_6.0.17115.1_none_e4db93bb1058f1b0\COMCTL32.dll
0x00007ffb34930000 - 0x00007ffb34c4c000 	C:\WINDOWS\System32\combase.dll
0x00007ffb318c0000 - 0x00007ffb3193a000 	C:\WINDOWS\System32\bcryptPrimitives.dll
0x00007ffb32dd0000 - 0x00007ffb32dfd000 	C:\WINDOWS\System32\IMM32.DLL
0x000000005bb80000 - 0x000000005bc52000 	C:\Program Files\Android\Android Studio\jre\jre\bin\msvcr100.dll
0x000000005be20000 - 0x000000005c65e000 	C:\Program Files\Android\Android Studio\jre\jre\bin\server\jvm.dll
0x00007ffb344d0000 - 0x00007ffb344d8000 	C:\WINDOWS\System32\PSAPI.DLL
0x00007ffb2e900000 - 0x00007ffb2e909000 	C:\WINDOWS\SYSTEM32\WSOCK32.dll
0x00007ffb348c0000 - 0x00007ffb3492c000 	C:\WINDOWS\System32\WS2_32.dll
0x00007ffb29fd0000 - 0x00007ffb29fda000 	C:\WINDOWS\SYSTEM32\VERSION.dll
0x00007ffb2c4f0000 - 0x00007ffb2c513000 	C:\WINDOWS\SYSTEM32\WINMM.dll
0x00007ffb2c3c0000 - 0x00007ffb2c3ea000 	C:\WINDOWS\SYSTEM32\winmmbase.dll
0x00007ffb320f0000 - 0x00007ffb32139000 	C:\WINDOWS\System32\cfgmgr32.dll
0x00007ffb2e8e0000 - 0x00007ffb2e8ef000 	C:\Program Files\Android\Android Studio\jre\jre\bin\verify.dll
0x00007ffb2d3d0000 - 0x00007ffb2d3f9000 	C:\Program Files\Android\Android Studio\jre\jre\bin\java.dll
0x00007ffb2d340000 - 0x00007ffb2d356000 	C:\Program Files\Android\Android Studio\jre\jre\bin\zip.dll
0x00007ffb32ef0000 - 0x00007ffb3432a000 	C:\WINDOWS\System32\SHELL32.dll
0x00007ffb32b00000 - 0x00007ffb32ba9000 	C:\WINDOWS\System32\shcore.dll
0x00007ffb32140000 - 0x00007ffb32864000 	C:\WINDOWS\System32\windows.storage.dll
0x00007ffb34ee0000 - 0x00007ffb34f31000 	C:\WINDOWS\System32\shlwapi.dll
0x00007ffb318a0000 - 0x00007ffb318b1000 	C:\WINDOWS\System32\kernel.appcore.dll
0x00007ffb31800000 - 0x00007ffb3181f000 	C:\WINDOWS\System32\profapi.dll
0x00007ffb31820000 - 0x00007ffb3186c000 	C:\WINDOWS\System32\powrprof.dll
0x00007ffb31870000 - 0x00007ffb3187a000 	C:\WINDOWS\System32\FLTLIB.DLL
0x00007ffb2c320000 - 0x00007ffb2c33a000 	C:\Program Files\Android\Android Studio\jre\jre\bin\net.dll
0x00007ffb204a0000 - 0x00007ffb204c0000 	C:\WINDOWS\system32\PrxerDrv.dll
0x00007ffb30cd0000 - 0x00007ffb30d36000 	C:\WINDOWS\system32\mswsock.dll
0x00007ffb2c2e0000 - 0x00007ffb2c2f1000 	C:\Program Files\Android\Android Studio\jre\jre\bin\nio.dll
0x00007ffb1feb0000 - 0x00007ffb1fece000 	C:\Users\Anakinliu\.gradle\native\25\windows-amd64\native-platform.dll
0x00007ffb2e8d0000 - 0x00007ffb2e8dd000 	C:\Program Files\Android\Android Studio\jre\jre\bin\management.dll
0x00007ffb314b0000 - 0x00007ffb314c7000 	C:\WINDOWS\SYSTEM32\CRYPTSP.dll
0x00007ffb308b0000 - 0x00007ffb308e3000 	C:\WINDOWS\system32\rsaenh.dll
0x00007ffb312b0000 - 0x00007ffb312d5000 	C:\WINDOWS\SYSTEM32\bcrypt.dll
0x00007ffb31690000 - 0x00007ffb316b8000 	C:\WINDOWS\SYSTEM32\USERENV.dll
0x00007ffb30e80000 - 0x00007ffb30e8b000 	C:\WINDOWS\SYSTEM32\CRYPTBASE.dll
0x00007ffb30a50000 - 0x00007ffb30a88000 	C:\WINDOWS\SYSTEM32\IPHLPAPI.DLL
0x00007ffb32a20000 - 0x00007ffb32a28000 	C:\WINDOWS\System32\NSI.dll
0x00007ffb2bb70000 - 0x00007ffb2bb86000 	C:\WINDOWS\SYSTEM32\dhcpcsvc6.DLL
0x00007ffb2ba40000 - 0x00007ffb2ba5a000 	C:\WINDOWS\SYSTEM32\dhcpcsvc.DLL
0x00007ffb312e0000 - 0x00007ffb314a9000 	C:\WINDOWS\SYSTEM32\dbghelp.dll

VM Arguments:
jvm_args: -Xmx1536m -Dfile.encoding=GBK -Duser.country=CN -Duser.language=zh -Duser.variant 
java_command: org.gradle.launcher.daemon.bootstrap.GradleDaemon 4.1
java_class_path (initial): C:\Users\Anakinliu\.gradle\wrapper\dists\gradle-4.1-all\bzyivzo6n839fup2jbap0tjew\gradle-4.1\lib\gradle-launcher-4.1.jar
Launcher Type: SUN_STANDARD

Environment Variables:
JAVA_HOME=D:\SOFTWARE\JDK_9\JDK
PATH=C:\Program Files (x86)\Google\Chrome\Application;C:\WINDOWS\system32;C:\WINDOWS;C:\WINDOWS\System32\Wbem;C:\WINDOWS\System32\WindowsPowerShell\v1.0\;C:\Program Files (x86)\NVIDIA Corporation\PhysX\Common;D:\Program Files\Process Lasso\;C:\Program Files (x86)\Windows Kits\10\Windows Performance Toolkit\;C:\Program Files (x86)\GtkSharp\2.12\bin;D:\SOFTWARE\Git_new\cmd;D:\Program Files\nodejs\;D:\SOFTWARE\live_stream\bin;C:\WINDOWS\system32;C:\WINDOWS;C:\WINDOWS\System32\Wbem;C:\WINDOWS\System32\WindowsPowerShell\v1.0\;H:\Android\SDK\platform-tools;D:\SOFTWARE\JDK_9\JDK\bin;D:\Program Files\Python36\Scripts\;D:\Program Files\Python36\;C:\Users\Anakinliu\AppData\Local\Microsoft\WindowsApps;H:\Android\SDK\platform-tools;D:\Program Files\Python36\Scripts;D:\Program Files\Fiddler;D:\Program Files\Microsoft VS Code\bin;C:\Users\Anakinliu\AppData\Roaming\npm;C:\Users\Anakinliu\AppData\Local\atom\bin;%USERPROFILE%\AppData\Local\Microsoft\WindowsApps;
USERNAME=Anakinliu
OS=Windows_NT
PROCESSOR_IDENTIFIER=Intel64 Family 6 Model 94 Stepping 3, GenuineIntel



---------------  S Y S T E M  ---------------

OS: Windows 10.0 , 64 bit Build 17115 (10.0.17115.1)

CPU:total 8 (initial active 8) (4 cores per cpu, 2 threads per core) family 6 model 94 stepping 3, cmov, cx8, fxsr, mmx, sse, sse2, sse3, ssse3, sse4.1, sse4.2, popcnt, avx, avx2, aes, clmul, erms, rtm, 3dnowpref, lzcnt, ht, tsc, tscinvbit, bmi1, bmi2, adx

Memory: 4k page, physical 16693320k(10690152k free), swap 19707976k(13208564k free)

vm_info: OpenJDK 64-Bit Server VM (25.152-b01) for windows-amd64 JRE (1.8.0_152-release-915-b01), built by "builder" with MS VC++ 10.0 (VS2010)

time: Thu Mar 15 19:30:41 2018
elapsed time: 7 seconds (0d 0h 0m 7s)

